2022-02-05 09:12:51.537 [background-preinit] INFO  org.hibernate.validator.internal.util.Version:21 - HV000001: Hibernate Validator 6.1.6.Final
2022-02-05 09:12:51.764 [main] INFO  org.jeecg.BimApplication:55 - Starting BimApplication v3.0 on DESKTOP-7KA81K7 with PID 15544 (D:\exproject\bim\bimServer\ciat-bim-cesium\target\ciat-bim-cesium-3.0.jar started by zjtyx in D:\exproject\bim\bimServer\ciat-bim-cesium\target)
2022-02-05 09:12:51.765 [main] INFO  org.jeecg.BimApplication:655 - The following profiles are active: dev
2022-02-05 09:12:52.601 [background-preinit] WARN  o.s.h.converter.json.Jackson2ObjectMapperBuilder:127 - For Jackson Kotlin classes support please add "com.fasterxml.jackson.module:jackson-module-kotlin" to the classpath
2022-02-05 09:13:00.751 [main] INFO  o.s.d.r.config.RepositoryConfigurationDelegate:249 - Multiple Spring Data modules found, entering strict repository configuration mode!
2022-02-05 09:13:00.755 [main] INFO  o.s.d.r.config.RepositoryConfigurationDelegate:127 - Bootstrapping Spring Data Redis repositories in DEFAULT mode.
2022-02-05 09:13:00.933 [main] INFO  o.s.d.r.config.RepositoryConfigurationDelegate:187 - Finished Spring Data repository scanning in 163ms. Found 0 Redis repository interfaces.
2022-02-05 09:13:01.127 [main] INFO  o.j.minidao.auto.MinidaoAutoConfiguration:23 -  ******************* init miniDao config [ begin ] *********************** 
2022-02-05 09:13:01.128 [main] INFO  o.j.minidao.auto.MinidaoAutoConfiguration:25 -  ------ minidao.base-package ------- org.jeecg.modules.jmreport.*
2022-02-05 09:13:01.130 [main] INFO  o.j.minidao.auto.MinidaoAutoConfiguration:42 -  *******************  init miniDao config  [ end ] *********************** 
2022-02-05 09:13:01.232 [main] INFO  o.j.minidao.factory.MiniDaoClassPathMapperScanner:48 - register minidao name is { org.jeecg.modules.jmreport.desreport.dao.JimuReportDao }
2022-02-05 09:13:01.234 [main] INFO  o.j.minidao.factory.MiniDaoClassPathMapperScanner:48 - register minidao name is { org.jeecg.modules.jmreport.desreport.dao.JimuReportDataSourceDao }
2022-02-05 09:13:01.234 [main] INFO  o.j.minidao.factory.MiniDaoClassPathMapperScanner:48 - register minidao name is { org.jeecg.modules.jmreport.desreport.dao.JimuReportDbDao }
2022-02-05 09:13:01.236 [main] INFO  o.j.minidao.factory.MiniDaoClassPathMapperScanner:48 - register minidao name is { org.jeecg.modules.jmreport.desreport.dao.JimuReportDbFieldDao }
2022-02-05 09:13:01.236 [main] INFO  o.j.minidao.factory.MiniDaoClassPathMapperScanner:48 - register minidao name is { org.jeecg.modules.jmreport.desreport.dao.JimuReportDbParamDao }
2022-02-05 09:13:01.237 [main] INFO  o.j.minidao.factory.MiniDaoClassPathMapperScanner:48 - register minidao name is { org.jeecg.modules.jmreport.desreport.dao.JimuReportDictDao }
2022-02-05 09:13:01.237 [main] INFO  o.j.minidao.factory.MiniDaoClassPathMapperScanner:48 - register minidao name is { org.jeecg.modules.jmreport.desreport.dao.JimuReportDictItemDao }
2022-02-05 09:13:01.241 [main] INFO  o.j.minidao.factory.MiniDaoClassPathMapperScanner:48 - register minidao name is { org.jeecg.modules.jmreport.desreport.dao.JimuReportLinkDao }
2022-02-05 09:13:01.241 [main] INFO  o.j.minidao.factory.MiniDaoClassPathMapperScanner:48 - register minidao name is { org.jeecg.modules.jmreport.desreport.dao.JimuReportMapDao }
2022-02-05 09:13:01.242 [main] INFO  o.j.minidao.factory.MiniDaoClassPathMapperScanner:48 - register minidao name is { org.jeecg.modules.jmreport.desreport.dao.JimuReportShareDao }
2022-02-05 09:13:01.862 [main] INFO  o.s.c.s.PostProcessorRegistrationDelegate$BeanPostProcessorChecker:335 - Bean '(inner bean)#73545b80#9' of type [org.jeecgframework.minidao.aop.MiniDaoHandler] is not eligible for getting processed by all BeanPostProcessors (for example: not eligible for auto-proxying)
2022-02-05 09:13:01.877 [main] INFO  o.s.c.s.PostProcessorRegistrationDelegate$BeanPostProcessorChecker:335 - Bean 'jimuReportShareDao' of type [org.jeecgframework.minidao.factory.MiniDaoBeanFactory] is not eligible for getting processed by all BeanPostProcessors (for example: not eligible for auto-proxying)
2022-02-05 09:13:01.879 [main] INFO  o.s.c.s.PostProcessorRegistrationDelegate$BeanPostProcessorChecker:335 - Bean '(inner bean)#73545b80#8' of type [org.jeecgframework.minidao.aop.MiniDaoHandler] is not eligible for getting processed by all BeanPostProcessors (for example: not eligible for auto-proxying)
2022-02-05 09:13:01.880 [main] INFO  o.s.c.s.PostProcessorRegistrationDelegate$BeanPostProcessorChecker:335 - Bean 'jimuReportMapDao' of type [org.jeecgframework.minidao.factory.MiniDaoBeanFactory] is not eligible for getting processed by all BeanPostProcessors (for example: not eligible for auto-proxying)
2022-02-05 09:13:01.882 [main] INFO  o.s.c.s.PostProcessorRegistrationDelegate$BeanPostProcessorChecker:335 - Bean '(inner bean)#73545b80#7' of type [org.jeecgframework.minidao.aop.MiniDaoHandler] is not eligible for getting processed by all BeanPostProcessors (for example: not eligible for auto-proxying)
2022-02-05 09:13:01.883 [main] INFO  o.s.c.s.PostProcessorRegistrationDelegate$BeanPostProcessorChecker:335 - Bean 'jimuReportLinkDao' of type [org.jeecgframework.minidao.factory.MiniDaoBeanFactory] is not eligible for getting processed by all BeanPostProcessors (for example: not eligible for auto-proxying)
2022-02-05 09:13:01.885 [main] INFO  o.s.c.s.PostProcessorRegistrationDelegate$BeanPostProcessorChecker:335 - Bean '(inner bean)#73545b80#6' of type [org.jeecgframework.minidao.aop.MiniDaoHandler] is not eligible for getting processed by all BeanPostProcessors (for example: not eligible for auto-proxying)
2022-02-05 09:13:01.886 [main] INFO  o.s.c.s.PostProcessorRegistrationDelegate$BeanPostProcessorChecker:335 - Bean 'jimuReportDictItemDao' of type [org.jeecgframework.minidao.factory.MiniDaoBeanFactory] is not eligible for getting processed by all BeanPostProcessors (for example: not eligible for auto-proxying)
2022-02-05 09:13:01.889 [main] INFO  o.s.c.s.PostProcessorRegistrationDelegate$BeanPostProcessorChecker:335 - Bean '(inner bean)#73545b80#5' of type [org.jeecgframework.minidao.aop.MiniDaoHandler] is not eligible for getting processed by all BeanPostProcessors (for example: not eligible for auto-proxying)
2022-02-05 09:13:01.891 [main] INFO  o.s.c.s.PostProcessorRegistrationDelegate$BeanPostProcessorChecker:335 - Bean 'jimuReportDictDao' of type [org.jeecgframework.minidao.factory.MiniDaoBeanFactory] is not eligible for getting processed by all BeanPostProcessors (for example: not eligible for auto-proxying)
2022-02-05 09:13:01.892 [main] INFO  o.s.c.s.PostProcessorRegistrationDelegate$BeanPostProcessorChecker:335 - Bean '(inner bean)#73545b80#4' of type [org.jeecgframework.minidao.aop.MiniDaoHandler] is not eligible for getting processed by all BeanPostProcessors (for example: not eligible for auto-proxying)
2022-02-05 09:13:01.893 [main] INFO  o.s.c.s.PostProcessorRegistrationDelegate$BeanPostProcessorChecker:335 - Bean 'jimuReportDbParamDao' of type [org.jeecgframework.minidao.factory.MiniDaoBeanFactory] is not eligible for getting processed by all BeanPostProcessors (for example: not eligible for auto-proxying)
2022-02-05 09:13:01.894 [main] INFO  o.s.c.s.PostProcessorRegistrationDelegate$BeanPostProcessorChecker:335 - Bean '(inner bean)#73545b80#3' of type [org.jeecgframework.minidao.aop.MiniDaoHandler] is not eligible for getting processed by all BeanPostProcessors (for example: not eligible for auto-proxying)
2022-02-05 09:13:01.896 [main] INFO  o.s.c.s.PostProcessorRegistrationDelegate$BeanPostProcessorChecker:335 - Bean 'jimuReportDbFieldDao' of type [org.jeecgframework.minidao.factory.MiniDaoBeanFactory] is not eligible for getting processed by all BeanPostProcessors (for example: not eligible for auto-proxying)
2022-02-05 09:13:01.897 [main] INFO  o.s.c.s.PostProcessorRegistrationDelegate$BeanPostProcessorChecker:335 - Bean '(inner bean)#73545b80#2' of type [org.jeecgframework.minidao.aop.MiniDaoHandler] is not eligible for getting processed by all BeanPostProcessors (for example: not eligible for auto-proxying)
2022-02-05 09:13:01.900 [main] INFO  o.s.c.s.PostProcessorRegistrationDelegate$BeanPostProcessorChecker:335 - Bean 'jimuReportDbDao' of type [org.jeecgframework.minidao.factory.MiniDaoBeanFactory] is not eligible for getting processed by all BeanPostProcessors (for example: not eligible for auto-proxying)
2022-02-05 09:13:01.901 [main] INFO  o.s.c.s.PostProcessorRegistrationDelegate$BeanPostProcessorChecker:335 - Bean '(inner bean)#73545b80#1' of type [org.jeecgframework.minidao.aop.MiniDaoHandler] is not eligible for getting processed by all BeanPostProcessors (for example: not eligible for auto-proxying)
2022-02-05 09:13:01.903 [main] INFO  o.s.c.s.PostProcessorRegistrationDelegate$BeanPostProcessorChecker:335 - Bean 'jimuReportDataSourceDao' of type [org.jeecgframework.minidao.factory.MiniDaoBeanFactory] is not eligible for getting processed by all BeanPostProcessors (for example: not eligible for auto-proxying)
2022-02-05 09:13:01.907 [main] INFO  o.s.c.s.PostProcessorRegistrationDelegate$BeanPostProcessorChecker:335 - Bean '(inner bean)#73545b80' of type [org.jeecgframework.minidao.aop.MiniDaoHandler] is not eligible for getting processed by all BeanPostProcessors (for example: not eligible for auto-proxying)
2022-02-05 09:13:01.909 [main] INFO  o.s.c.s.PostProcessorRegistrationDelegate$BeanPostProcessorChecker:335 - Bean 'jimuReportDao' of type [org.jeecgframework.minidao.factory.MiniDaoBeanFactory] is not eligible for getting processed by all BeanPostProcessors (for example: not eligible for auto-proxying)
2022-02-05 09:13:01.948 [main] INFO  o.s.c.s.PostProcessorRegistrationDelegate$BeanPostProcessorChecker:335 - Bean 'spring.redis-org.springframework.boot.autoconfigure.data.redis.RedisProperties' of type [org.springframework.boot.autoconfigure.data.redis.RedisProperties] is not eligible for getting processed by all BeanPostProcessors (for example: not eligible for auto-proxying)
2022-02-05 09:13:01.953 [main] INFO  o.s.c.s.PostProcessorRegistrationDelegate$BeanPostProcessorChecker:335 - Bean 'org.springframework.boot.autoconfigure.data.redis.LettuceConnectionConfiguration' of type [org.springframework.boot.autoconfigure.data.redis.LettuceConnectionConfiguration] is not eligible for getting processed by all BeanPostProcessors (for example: not eligible for auto-proxying)
2022-02-05 09:13:02.269 [main] INFO  o.s.c.s.PostProcessorRegistrationDelegate$BeanPostProcessorChecker:335 - Bean 'lettuceClientResources' of type [io.lettuce.core.resource.DefaultClientResources] is not eligible for getting processed by all BeanPostProcessors (for example: not eligible for auto-proxying)
2022-02-05 09:13:02.435 [main] INFO  o.s.c.s.PostProcessorRegistrationDelegate$BeanPostProcessorChecker:335 - Bean 'redisConnectionFactory' of type [org.springframework.data.redis.connection.lettuce.LettuceConnectionFactory] is not eligible for getting processed by all BeanPostProcessors (for example: not eligible for auto-proxying)
2022-02-05 09:13:02.437 [main] INFO  o.s.c.s.PostProcessorRegistrationDelegate$BeanPostProcessorChecker:335 - Bean 'shiroConfig' of type [org.jeecg.config.shiro.ShiroConfig$$EnhancerBySpringCGLIB$$d39089a3] is not eligible for getting processed by all BeanPostProcessors (for example: not eligible for auto-proxying)
2022-02-05 09:13:02.532 [main] INFO  o.s.c.s.PostProcessorRegistrationDelegate$BeanPostProcessorChecker:335 - Bean 'shiroRealm' of type [org.jeecg.config.shiro.ShiroRealm] is not eligible for getting processed by all BeanPostProcessors (for example: not eligible for auto-proxying)
2022-02-05 09:13:03.078 [main] INFO  org.jeecg.config.shiro.ShiroConfig:209 - ===============(1)创建缓存管理器RedisCacheManager
2022-02-05 09:13:03.092 [main] INFO  org.jeecg.config.shiro.ShiroConfig:227 - ===============(2)创建RedisManager,连接Redis..
2022-02-05 09:13:03.103 [main] INFO  o.s.c.s.PostProcessorRegistrationDelegate$BeanPostProcessorChecker:335 - Bean 'redisManager' of type [org.crazycake.shiro.RedisManager] is not eligible for getting processed by all BeanPostProcessors (for example: not eligible for auto-proxying)
2022-02-05 09:13:03.107 [main] INFO  o.s.c.s.PostProcessorRegistrationDelegate$BeanPostProcessorChecker:335 - Bean 'securityManager' of type [org.apache.shiro.web.mgt.DefaultWebSecurityManager] is not eligible for getting processed by all BeanPostProcessors (for example: not eligible for auto-proxying)
2022-02-05 09:13:03.244 [main] INFO  o.s.c.s.PostProcessorRegistrationDelegate$BeanPostProcessorChecker:335 - Bean 'authorizationAttributeSourceAdvisor' of type [org.apache.shiro.spring.security.interceptor.AuthorizationAttributeSourceAdvisor] is not eligible for getting processed by all BeanPostProcessors (for example: not eligible for auto-proxying)
2022-02-05 09:13:03.685 [main] INFO  o.s.c.s.PostProcessorRegistrationDelegate$BeanPostProcessorChecker:335 - Bean 'spring.datasource.dynamic-com.baomidou.dynamic.datasource.spring.boot.autoconfigure.DynamicDataSourceProperties' of type [com.baomidou.dynamic.datasource.spring.boot.autoconfigure.DynamicDataSourceProperties] is not eligible for getting processed by all BeanPostProcessors (for example: not eligible for auto-proxying)
2022-02-05 09:13:03.692 [main] INFO  o.s.c.s.PostProcessorRegistrationDelegate$BeanPostProcessorChecker:335 - Bean 'com.baomidou.dynamic.datasource.spring.boot.autoconfigure.DynamicDataSourceAutoConfiguration' of type [com.baomidou.dynamic.datasource.spring.boot.autoconfigure.DynamicDataSourceAutoConfiguration$$EnhancerBySpringCGLIB$$dde2b27b] is not eligible for getting processed by all BeanPostProcessors (for example: not eligible for auto-proxying)
2022-02-05 09:13:03.701 [main] INFO  o.s.c.s.PostProcessorRegistrationDelegate$BeanPostProcessorChecker:335 - Bean 'dsProcessor' of type [com.baomidou.dynamic.datasource.processor.DsHeaderProcessor] is not eligible for getting processed by all BeanPostProcessors (for example: not eligible for auto-proxying)
2022-02-05 09:13:03.727 [main] INFO  o.s.c.s.PostProcessorRegistrationDelegate$BeanPostProcessorChecker:335 - Bean 'redisConfig' of type [org.jeecg.common.modules.redis.config.RedisConfig$$EnhancerBySpringCGLIB$$f0f299d3] is not eligible for getting processed by all BeanPostProcessors (for example: not eligible for auto-proxying)
2022-02-05 09:13:04.270 [main] INFO  o.s.boot.web.embedded.tomcat.TomcatWebServer:108 - Tomcat initialized with port(s): 8888 (http)
2022-02-05 09:13:04.284 [main] INFO  org.apache.coyote.http11.Http11NioProtocol:173 - Initializing ProtocolHandler ["http-nio-8888"]
2022-02-05 09:13:04.285 [main] INFO  org.apache.catalina.core.StandardService:173 - Starting service [Tomcat]
2022-02-05 09:13:04.285 [main] INFO  org.apache.catalina.core.StandardEngine:173 - Starting Servlet engine: [Apache Tomcat/9.0.39]
2022-02-05 09:13:04.430 [main] INFO  o.a.c.c.C.[Tomcat].[localhost].[/jeecg-boot]:173 - Initializing Spring embedded WebApplicationContext
2022-02-05 09:13:04.431 [main] INFO  o.s.b.w.s.c.ServletWebServerApplicationContext:285 - Root WebApplicationContext: initialization completed in 11986 ms
2022-02-05 09:13:05.602 [main] INFO  com.alibaba.druid.pool.DruidDataSource:994 - {dataSource-1,master} inited
2022-02-05 09:13:05.604 [main] INFO  c.b.dynamic.datasource.DynamicRoutingDataSource:132 - dynamic-datasource - load a datasource named [master] success
2022-02-05 09:13:05.605 [main] INFO  c.b.dynamic.datasource.DynamicRoutingDataSource:237 - dynamic-datasource initial loaded [1] datasource,primary datasource named [master]
2022-02-05 09:13:09.479 [main] INFO  org.jeecg.common.modules.redis.config.RedisConfig:76 -  --- redis config init --- 
2022-02-05 09:13:11.803 [main] INFO  org.quartz.impl.StdSchedulerFactory:1220 - Using default implementation for ThreadExecutor
2022-02-05 09:13:11.813 [main] INFO  org.quartz.simpl.SimpleThreadPool:268 - Job execution threads will use class loader of thread: main
2022-02-05 09:13:11.845 [main] INFO  org.quartz.core.SchedulerSignalerImpl:61 - Initialized Scheduler Signaller of type: class org.quartz.core.SchedulerSignalerImpl
2022-02-05 09:13:11.845 [main] INFO  org.quartz.core.QuartzScheduler:229 - Quartz Scheduler v.2.3.2 created.
2022-02-05 09:13:11.850 [main] INFO  o.s.scheduling.quartz.LocalDataSourceJobStore:672 - Using db table-based data access locking (synchronization).
2022-02-05 09:13:11.852 [main] INFO  o.s.scheduling.quartz.LocalDataSourceJobStore:145 - JobStoreCMT initialized.
2022-02-05 09:13:11.853 [main] INFO  org.quartz.core.QuartzScheduler:294 - Scheduler meta-data: Quartz Scheduler (v2.3.2) 'MyScheduler' with instanceId 'DESKTOP-7KA81K71644023591812'
  Scheduler class: 'org.quartz.core.QuartzScheduler' - running locally.
  NOT STARTED.
  Currently in standby mode.
  Number of jobs executed: 0
  Using thread pool 'org.quartz.simpl.SimpleThreadPool' - with 10 threads.
  Using job-store 'org.springframework.scheduling.quartz.LocalDataSourceJobStore' - which supports persistence. and is clustered.

2022-02-05 09:13:11.854 [main] INFO  org.quartz.impl.StdSchedulerFactory:1374 - Quartz scheduler 'MyScheduler' initialized from an externally provided properties instance.
2022-02-05 09:13:11.855 [main] INFO  org.quartz.impl.StdSchedulerFactory:1378 - Quartz scheduler version: 2.3.2
2022-02-05 09:13:11.856 [main] INFO  org.quartz.core.QuartzScheduler:2293 - JobFactory set to: org.springframework.scheduling.quartz.SpringBeanJobFactory@1a785fd5
2022-02-05 09:13:12.412 [main] INFO  o.j.m.jmreport.config.JimuReportConfiguration:55 -  --- Init JimuReport Config --- 
2022-02-05 09:13:13.247 [main] INFO  c.c.b.s.q.discovery.DefaultTbServiceInfoProvider:75 - Current Service ID: DESKTOP-7KA81K7
2022-02-05 09:13:13.313 [main] INFO  c.c.b.s.apiusage.DefaultTbApiUsageStateService:136 - Starting api usage service.
2022-02-05 09:13:13.314 [main] INFO  c.c.b.s.apiusage.DefaultTbApiUsageStateService:138 - Started api usage service.
2022-02-05 09:13:13.825 [main] INFO  com.ciat.bim.transport.mqtt.MqttTransportService:76 - Setting resource leak detector level to DISABLED
2022-02-05 09:13:13.826 [main] INFO  com.ciat.bim.transport.mqtt.MqttTransportService:79 - Starting MQTT transport...
2022-02-05 09:13:14.796 [main] INFO  com.ciat.bim.transport.mqtt.MqttTransportService:97 - Mqtt transport started!
2022-02-05 09:13:14.841 [main] INFO  com.ciat.bim.server.DefaultActorService:80 - Initializing actor system.
2022-02-05 09:13:14.871 [main] INFO  com.ciat.bim.server.DefaultActorService:98 - Actor system initialized.
2022-02-05 09:13:15.337 [nioEventLoopGroup-5-1] INFO  com.ciat.bim.transport.mqtt.MqttTransportHandler:734 - [01c22dbf-1fc9-4a73-8c0d-d220ed6a7026] Processing connect msg for client: 86652179-d5d5-4be6-a85a-236ad780b7501644021682492!
2022-02-05 09:13:15.337 [nioEventLoopGroup-5-1] INFO  com.ciat.bim.transport.mqtt.MqttTransportHandler:752 - [01c22dbf-1fc9-4a73-8c0d-d220ed6a7026] Processing connect msg for client with user name: admin!
2022-02-05 09:13:15.392 [main] INFO  com.ciat.bim.server.edge.rpc.EdgeGrpcService:104 - Initializing Edge RPC service!
2022-02-05 09:13:15.762 [main] INFO  com.ciat.bim.server.edge.rpc.EdgeGrpcService:120 - Going to start Edge RPC server using port: 7070
2022-02-05 09:13:16.699 [main] INFO  com.ciat.bim.server.edge.rpc.EdgeGrpcService:129 - Edge RPC service initialized!
2022-02-05 09:13:17.406 [main] INFO  o.s.b.actuate.endpoint.web.EndpointLinksResolver:58 - Exposing 2 endpoint(s) beneath base path '/actuator'
2022-02-05 09:13:17.643 [main] INFO  s.d.s.w.WebMvcPropertySourcedRequestMappingHandlerMapping:69 - Mapped URL path [/v2/api-docs] onto method [springfox.documentation.swagger2.web.Swagger2ControllerWebMvc#getDocumentation(String, HttpServletRequest)]
2022-02-05 09:13:17.733 [main] INFO  o.j.modules.jmreport.config.JmReportExecutorConfig:21 - ---创建线程池---
2022-02-05 09:13:17.736 [main] INFO  o.s.scheduling.concurrent.ThreadPoolTaskExecutor:181 - Initializing ExecutorService
2022-02-05 09:13:17.738 [main] INFO  o.s.scheduling.concurrent.ThreadPoolTaskExecutor:181 - Initializing ExecutorService 'jmReportTaskExecutor'
2022-02-05 09:13:19.224 [main] INFO  org.apache.coyote.http11.Http11NioProtocol:173 - Starting ProtocolHandler ["http-nio-8888"]
2022-02-05 09:13:19.288 [main] INFO  o.s.boot.web.embedded.tomcat.TomcatWebServer:220 - Tomcat started on port(s): 8888 (http) with context path '/jeecg-boot'
2022-02-05 09:13:19.290 [main] INFO  s.d.s.web.plugins.DocumentationPluginsBootstrapper:93 - Documentation plugins bootstrapped
2022-02-05 09:13:19.296 [main] INFO  s.d.s.web.plugins.DocumentationPluginsBootstrapper:79 - Found 1 custom documentation plugin(s)
2022-02-05 09:13:19.586 [main] INFO  s.d.spring.web.scanners.ApiListingReferenceScanner:44 - Scanning for api listing references
2022-02-05 09:13:19.785 [main] INFO  s.d.s.w.r.operation.CachingOperationNameGenerator:41 - Generating unique operation named: addUsingPOST_1
2022-02-05 09:13:19.788 [main] INFO  s.d.s.w.r.operation.CachingOperationNameGenerator:41 - Generating unique operation named: deleteUsingDELETE_1
2022-02-05 09:13:19.790 [main] INFO  s.d.s.w.r.operation.CachingOperationNameGenerator:41 - Generating unique operation named: deleteBatchUsingDELETE_1
2022-02-05 09:13:19.792 [main] INFO  s.d.s.w.r.operation.CachingOperationNameGenerator:41 - Generating unique operation named: editUsingPUT_1
2022-02-05 09:13:19.794 [main] INFO  s.d.s.w.r.operation.CachingOperationNameGenerator:41 - Generating unique operation named: queryByIdUsingGET_1
2022-02-05 09:13:19.807 [main] INFO  s.d.s.w.r.operation.CachingOperationNameGenerator:41 - Generating unique operation named: queryPageListUsingGET_1
2022-02-05 09:13:19.823 [main] INFO  s.d.s.w.r.operation.CachingOperationNameGenerator:41 - Generating unique operation named: addUsingPOST_2
2022-02-05 09:13:19.825 [main] INFO  s.d.s.w.r.operation.CachingOperationNameGenerator:41 - Generating unique operation named: deleteUsingDELETE_2
2022-02-05 09:13:19.828 [main] INFO  s.d.s.w.r.operation.CachingOperationNameGenerator:41 - Generating unique operation named: deleteBatchUsingDELETE_2
2022-02-05 09:13:19.833 [main] INFO  s.d.s.w.r.operation.CachingOperationNameGenerator:41 - Generating unique operation named: editUsingPUT_2
2022-02-05 09:13:19.837 [main] INFO  s.d.s.w.r.operation.CachingOperationNameGenerator:41 - Generating unique operation named: queryByIdUsingGET_2
2022-02-05 09:13:19.847 [main] INFO  s.d.s.w.r.operation.CachingOperationNameGenerator:41 - Generating unique operation named: queryPageListUsingGET_2
2022-02-05 09:13:19.859 [main] INFO  s.d.s.w.r.operation.CachingOperationNameGenerator:41 - Generating unique operation named: addUsingPOST_3
2022-02-05 09:13:19.862 [main] INFO  s.d.s.w.r.operation.CachingOperationNameGenerator:41 - Generating unique operation named: deleteUsingDELETE_3
2022-02-05 09:13:19.864 [main] INFO  s.d.s.w.r.operation.CachingOperationNameGenerator:41 - Generating unique operation named: deleteBatchUsingDELETE_3
2022-02-05 09:13:19.866 [main] INFO  s.d.s.w.r.operation.CachingOperationNameGenerator:41 - Generating unique operation named: editUsingPUT_3
2022-02-05 09:13:19.868 [main] INFO  s.d.s.w.r.operation.CachingOperationNameGenerator:41 - Generating unique operation named: queryByIdUsingGET_3
2022-02-05 09:13:19.874 [main] INFO  s.d.s.w.r.operation.CachingOperationNameGenerator:41 - Generating unique operation named: queryPageListUsingGET_3
2022-02-05 09:13:19.877 [main] INFO  s.d.s.w.r.operation.CachingOperationNameGenerator:41 - Generating unique operation named: queryPageListUsingGET_4
2022-02-05 09:13:19.884 [main] INFO  s.d.s.w.r.operation.CachingOperationNameGenerator:41 - Generating unique operation named: addUsingPOST_4
2022-02-05 09:13:19.886 [main] INFO  s.d.s.w.r.operation.CachingOperationNameGenerator:41 - Generating unique operation named: deleteUsingDELETE_4
2022-02-05 09:13:19.888 [main] INFO  s.d.s.w.r.operation.CachingOperationNameGenerator:41 - Generating unique operation named: deleteBatchUsingDELETE_4
2022-02-05 09:13:19.890 [main] INFO  s.d.s.w.r.operation.CachingOperationNameGenerator:41 - Generating unique operation named: editUsingPUT_4
2022-02-05 09:13:19.893 [main] INFO  s.d.s.w.r.operation.CachingOperationNameGenerator:41 - Generating unique operation named: queryByIdUsingGET_4
2022-02-05 09:13:19.898 [main] INFO  s.d.s.w.r.operation.CachingOperationNameGenerator:41 - Generating unique operation named: queryPageListUsingGET_5
2022-02-05 09:13:19.905 [main] INFO  s.d.s.w.r.operation.CachingOperationNameGenerator:41 - Generating unique operation named: addUsingPOST_5
2022-02-05 09:13:19.907 [main] INFO  s.d.s.w.r.operation.CachingOperationNameGenerator:41 - Generating unique operation named: deleteUsingDELETE_5
2022-02-05 09:13:19.909 [main] INFO  s.d.s.w.r.operation.CachingOperationNameGenerator:41 - Generating unique operation named: deleteBatchUsingDELETE_5
2022-02-05 09:13:19.911 [main] INFO  s.d.s.w.r.operation.CachingOperationNameGenerator:41 - Generating unique operation named: editUsingPUT_5
2022-02-05 09:13:19.913 [main] INFO  s.d.s.w.r.operation.CachingOperationNameGenerator:41 - Generating unique operation named: queryByIdUsingGET_5
2022-02-05 09:13:19.918 [main] INFO  s.d.s.w.r.operation.CachingOperationNameGenerator:41 - Generating unique operation named: queryPageListUsingGET_6
2022-02-05 09:13:19.930 [main] INFO  s.d.s.w.r.operation.CachingOperationNameGenerator:41 - Generating unique operation named: addUsingPOST_6
2022-02-05 09:13:19.932 [main] INFO  s.d.s.w.r.operation.CachingOperationNameGenerator:41 - Generating unique operation named: deleteUsingDELETE_6
2022-02-05 09:13:19.933 [main] INFO  s.d.s.w.r.operation.CachingOperationNameGenerator:41 - Generating unique operation named: deleteBatchUsingDELETE_6
2022-02-05 09:13:19.935 [main] INFO  s.d.s.w.r.operation.CachingOperationNameGenerator:41 - Generating unique operation named: editUsingPUT_6
2022-02-05 09:13:19.938 [main] INFO  s.d.s.w.r.operation.CachingOperationNameGenerator:41 - Generating unique operation named: queryByIdUsingGET_6
2022-02-05 09:13:19.943 [main] INFO  s.d.s.w.r.operation.CachingOperationNameGenerator:41 - Generating unique operation named: queryPageListUsingGET_7
2022-02-05 09:13:19.950 [main] INFO  s.d.s.w.r.operation.CachingOperationNameGenerator:41 - Generating unique operation named: addUsingPOST_7
2022-02-05 09:13:19.951 [main] INFO  s.d.s.w.r.operation.CachingOperationNameGenerator:41 - Generating unique operation named: deleteUsingDELETE_7
2022-02-05 09:13:19.953 [main] INFO  s.d.s.w.r.operation.CachingOperationNameGenerator:41 - Generating unique operation named: deleteBatchUsingDELETE_7
2022-02-05 09:13:19.956 [main] INFO  s.d.s.w.r.operation.CachingOperationNameGenerator:41 - Generating unique operation named: editUsingPUT_7
2022-02-05 09:13:19.958 [main] INFO  s.d.s.w.r.operation.CachingOperationNameGenerator:41 - Generating unique operation named: queryByIdUsingGET_7
2022-02-05 09:13:19.962 [main] INFO  s.d.s.w.r.operation.CachingOperationNameGenerator:41 - Generating unique operation named: queryPageListUsingGET_8
2022-02-05 09:13:19.972 [main] INFO  s.d.s.w.r.operation.CachingOperationNameGenerator:41 - Generating unique operation named: addUsingPOST_8
2022-02-05 09:13:19.974 [main] INFO  s.d.s.w.r.operation.CachingOperationNameGenerator:41 - Generating unique operation named: deleteUsingDELETE_8
2022-02-05 09:13:19.975 [main] INFO  s.d.s.w.r.operation.CachingOperationNameGenerator:41 - Generating unique operation named: deleteBatchUsingDELETE_8
2022-02-05 09:13:19.977 [main] INFO  s.d.s.w.r.operation.CachingOperationNameGenerator:41 - Generating unique operation named: editUsingPUT_8
2022-02-05 09:13:19.979 [main] INFO  s.d.s.w.r.operation.CachingOperationNameGenerator:41 - Generating unique operation named: queryByIdUsingGET_8
2022-02-05 09:13:19.984 [main] INFO  s.d.s.w.r.operation.CachingOperationNameGenerator:41 - Generating unique operation named: queryPageListUsingGET_9
2022-02-05 09:13:19.995 [main] INFO  s.d.s.w.r.operation.CachingOperationNameGenerator:41 - Generating unique operation named: addUsingPOST_9
2022-02-05 09:13:19.997 [main] INFO  s.d.s.w.r.operation.CachingOperationNameGenerator:41 - Generating unique operation named: deleteUsingDELETE_9
2022-02-05 09:13:19.998 [main] INFO  s.d.s.w.r.operation.CachingOperationNameGenerator:41 - Generating unique operation named: deleteBatchUsingDELETE_9
2022-02-05 09:13:20.000 [main] INFO  s.d.s.w.r.operation.CachingOperationNameGenerator:41 - Generating unique operation named: editUsingPUT_9
2022-02-05 09:13:20.002 [main] INFO  s.d.s.w.r.operation.CachingOperationNameGenerator:41 - Generating unique operation named: queryByIdUsingGET_9
2022-02-05 09:13:20.010 [main] INFO  s.d.s.w.r.operation.CachingOperationNameGenerator:41 - Generating unique operation named: queryPageListUsingGET_10
2022-02-05 09:13:20.019 [main] INFO  s.d.s.w.r.operation.CachingOperationNameGenerator:41 - Generating unique operation named: addUsingPOST_10
2022-02-05 09:13:20.022 [main] INFO  s.d.s.w.r.operation.CachingOperationNameGenerator:41 - Generating unique operation named: deleteUsingDELETE_10
2022-02-05 09:13:20.024 [main] INFO  s.d.s.w.r.operation.CachingOperationNameGenerator:41 - Generating unique operation named: deleteBatchUsingDELETE_10
2022-02-05 09:13:20.025 [main] INFO  s.d.s.w.r.operation.CachingOperationNameGenerator:41 - Generating unique operation named: editUsingPUT_10
2022-02-05 09:13:20.036 [main] INFO  s.d.s.w.r.operation.CachingOperationNameGenerator:41 - Generating unique operation named: queryByIdUsingGET_10
2022-02-05 09:13:20.078 [main] INFO  s.d.s.w.r.operation.CachingOperationNameGenerator:41 - Generating unique operation named: addUsingPOST_11
2022-02-05 09:13:20.080 [main] INFO  s.d.s.w.r.operation.CachingOperationNameGenerator:41 - Generating unique operation named: deleteUsingDELETE_11
2022-02-05 09:13:20.082 [main] INFO  s.d.s.w.r.operation.CachingOperationNameGenerator:41 - Generating unique operation named: deleteBatchUsingDELETE_11
2022-02-05 09:13:20.084 [main] INFO  s.d.s.w.r.operation.CachingOperationNameGenerator:41 - Generating unique operation named: editUsingPUT_11
2022-02-05 09:13:20.085 [main] INFO  s.d.s.w.r.operation.CachingOperationNameGenerator:41 - Generating unique operation named: queryByIdUsingGET_11
2022-02-05 09:13:20.093 [main] INFO  s.d.s.w.r.operation.CachingOperationNameGenerator:41 - Generating unique operation named: queryPageListUsingGET_11
2022-02-05 09:13:20.099 [main] INFO  s.d.s.w.r.operation.CachingOperationNameGenerator:41 - Generating unique operation named: addUsingPOST_12
2022-02-05 09:13:20.101 [main] INFO  s.d.s.w.r.operation.CachingOperationNameGenerator:41 - Generating unique operation named: deleteUsingDELETE_12
2022-02-05 09:13:20.102 [main] INFO  s.d.s.w.r.operation.CachingOperationNameGenerator:41 - Generating unique operation named: deleteBatchUsingDELETE_12
2022-02-05 09:13:20.104 [main] INFO  s.d.s.w.r.operation.CachingOperationNameGenerator:41 - Generating unique operation named: editUsingPUT_12
2022-02-05 09:13:20.106 [main] INFO  s.d.s.w.r.operation.CachingOperationNameGenerator:41 - Generating unique operation named: queryByIdUsingGET_12
2022-02-05 09:13:20.110 [main] INFO  s.d.s.w.r.operation.CachingOperationNameGenerator:41 - Generating unique operation named: queryPageListUsingGET_12
2022-02-05 09:13:20.115 [main] INFO  s.d.s.w.r.operation.CachingOperationNameGenerator:41 - Generating unique operation named: addUsingPOST_13
2022-02-05 09:13:20.117 [main] INFO  s.d.s.w.r.operation.CachingOperationNameGenerator:41 - Generating unique operation named: deleteUsingDELETE_13
2022-02-05 09:13:20.119 [main] INFO  s.d.s.w.r.operation.CachingOperationNameGenerator:41 - Generating unique operation named: deleteBatchUsingDELETE_13
2022-02-05 09:13:20.120 [main] INFO  s.d.s.w.r.operation.CachingOperationNameGenerator:41 - Generating unique operation named: editUsingPUT_13
2022-02-05 09:13:20.122 [main] INFO  s.d.s.w.r.operation.CachingOperationNameGenerator:41 - Generating unique operation named: queryByIdUsingGET_13
2022-02-05 09:13:20.126 [main] INFO  s.d.s.w.r.operation.CachingOperationNameGenerator:41 - Generating unique operation named: queryPageListUsingGET_13
2022-02-05 09:13:20.131 [main] INFO  s.d.s.w.r.operation.CachingOperationNameGenerator:41 - Generating unique operation named: addUsingPOST_14
2022-02-05 09:13:20.134 [main] INFO  s.d.s.w.r.operation.CachingOperationNameGenerator:41 - Generating unique operation named: deleteUsingDELETE_14
2022-02-05 09:13:20.135 [main] INFO  s.d.s.w.r.operation.CachingOperationNameGenerator:41 - Generating unique operation named: deleteBatchUsingDELETE_14
2022-02-05 09:13:20.136 [main] INFO  s.d.s.w.r.operation.CachingOperationNameGenerator:41 - Generating unique operation named: editUsingPUT_14
2022-02-05 09:13:20.138 [main] INFO  s.d.s.w.r.operation.CachingOperationNameGenerator:41 - Generating unique operation named: queryByIdUsingGET_14
2022-02-05 09:13:20.141 [main] INFO  s.d.s.w.r.operation.CachingOperationNameGenerator:41 - Generating unique operation named: queryPageListUsingGET_14
2022-02-05 09:13:20.148 [main] INFO  s.d.s.w.r.operation.CachingOperationNameGenerator:41 - Generating unique operation named: addUsingPOST_15
2022-02-05 09:13:20.150 [main] INFO  s.d.s.w.r.operation.CachingOperationNameGenerator:41 - Generating unique operation named: deleteUsingDELETE_15
2022-02-05 09:13:20.151 [main] INFO  s.d.s.w.r.operation.CachingOperationNameGenerator:41 - Generating unique operation named: deleteBatchUsingDELETE_15
2022-02-05 09:13:20.154 [main] INFO  s.d.s.w.r.operation.CachingOperationNameGenerator:41 - Generating unique operation named: editUsingPUT_15
2022-02-05 09:13:20.156 [main] INFO  s.d.s.w.r.operation.CachingOperationNameGenerator:41 - Generating unique operation named: queryByIdUsingGET_15
2022-02-05 09:13:20.160 [main] INFO  s.d.s.w.r.operation.CachingOperationNameGenerator:41 - Generating unique operation named: queryPageListUsingGET_15
2022-02-05 09:13:20.164 [main] INFO  s.d.s.w.r.operation.CachingOperationNameGenerator:41 - Generating unique operation named: addUsingPOST_16
2022-02-05 09:13:20.166 [main] INFO  s.d.s.w.r.operation.CachingOperationNameGenerator:41 - Generating unique operation named: deleteUsingDELETE_16
2022-02-05 09:13:20.167 [main] INFO  s.d.s.w.r.operation.CachingOperationNameGenerator:41 - Generating unique operation named: deleteBatchUsingDELETE_16
2022-02-05 09:13:20.169 [main] INFO  s.d.s.w.r.operation.CachingOperationNameGenerator:41 - Generating unique operation named: editUsingPUT_16
2022-02-05 09:13:20.171 [main] INFO  s.d.s.w.r.operation.CachingOperationNameGenerator:41 - Generating unique operation named: queryByIdUsingGET_16
2022-02-05 09:13:20.174 [main] INFO  s.d.s.w.r.operation.CachingOperationNameGenerator:41 - Generating unique operation named: queryPageListUsingGET_16
2022-02-05 09:13:20.180 [main] INFO  s.d.s.w.r.operation.CachingOperationNameGenerator:41 - Generating unique operation named: addUsingPOST_17
2022-02-05 09:13:20.182 [main] INFO  s.d.s.w.r.operation.CachingOperationNameGenerator:41 - Generating unique operation named: deleteUsingDELETE_17
2022-02-05 09:13:20.183 [main] INFO  s.d.s.w.r.operation.CachingOperationNameGenerator:41 - Generating unique operation named: deleteBatchUsingDELETE_17
2022-02-05 09:13:20.185 [main] INFO  s.d.s.w.r.operation.CachingOperationNameGenerator:41 - Generating unique operation named: editUsingPUT_17
2022-02-05 09:13:20.186 [main] INFO  s.d.s.w.r.operation.CachingOperationNameGenerator:41 - Generating unique operation named: queryByIdUsingGET_17
2022-02-05 09:13:20.190 [main] INFO  s.d.s.w.r.operation.CachingOperationNameGenerator:41 - Generating unique operation named: queryPageListUsingGET_17
2022-02-05 09:13:20.200 [main] INFO  s.d.s.w.r.operation.CachingOperationNameGenerator:41 - Generating unique operation named: addUsingPOST_18
2022-02-05 09:13:20.202 [main] INFO  s.d.s.w.r.operation.CachingOperationNameGenerator:41 - Generating unique operation named: deleteUsingDELETE_18
2022-02-05 09:13:20.203 [main] INFO  s.d.s.w.r.operation.CachingOperationNameGenerator:41 - Generating unique operation named: deleteBatchUsingDELETE_18
2022-02-05 09:13:20.205 [main] INFO  s.d.s.w.r.operation.CachingOperationNameGenerator:41 - Generating unique operation named: editUsingPUT_18
2022-02-05 09:13:20.206 [main] INFO  s.d.s.w.r.operation.CachingOperationNameGenerator:41 - Generating unique operation named: queryByIdUsingGET_18
2022-02-05 09:13:20.211 [main] INFO  s.d.s.w.r.operation.CachingOperationNameGenerator:41 - Generating unique operation named: queryPageListUsingGET_18
2022-02-05 09:13:20.221 [main] INFO  s.d.s.w.r.operation.CachingOperationNameGenerator:41 - Generating unique operation named: queryPageListUsingGET_19
2022-02-05 09:13:20.223 [main] INFO  s.d.s.w.r.operation.CachingOperationNameGenerator:41 - Generating unique operation named: deleteUsingDELETE_19
2022-02-05 09:13:20.228 [main] INFO  s.d.s.w.r.operation.CachingOperationNameGenerator:41 - Generating unique operation named: addUsingPOST_19
2022-02-05 09:13:20.229 [main] INFO  s.d.s.w.r.operation.CachingOperationNameGenerator:41 - Generating unique operation named: deleteBatchUsingDELETE_19
2022-02-05 09:13:20.231 [main] INFO  s.d.s.w.r.operation.CachingOperationNameGenerator:41 - Generating unique operation named: editUsingPUT_19
2022-02-05 09:13:20.232 [main] INFO  s.d.s.w.r.operation.CachingOperationNameGenerator:41 - Generating unique operation named: editUsingPOST_1
2022-02-05 09:13:20.235 [main] INFO  s.d.s.w.r.operation.CachingOperationNameGenerator:41 - Generating unique operation named: queryByIdUsingGET_19
2022-02-05 09:13:20.241 [main] INFO  s.d.s.w.r.operation.CachingOperationNameGenerator:41 - Generating unique operation named: addUsingPOST_20
2022-02-05 09:13:20.243 [main] INFO  s.d.s.w.r.operation.CachingOperationNameGenerator:41 - Generating unique operation named: deleteUsingDELETE_20
2022-02-05 09:13:20.245 [main] INFO  s.d.s.w.r.operation.CachingOperationNameGenerator:41 - Generating unique operation named: deleteBatchUsingDELETE_20
2022-02-05 09:13:20.246 [main] INFO  s.d.s.w.r.operation.CachingOperationNameGenerator:41 - Generating unique operation named: editUsingPUT_20
2022-02-05 09:13:20.248 [main] INFO  s.d.s.w.r.operation.CachingOperationNameGenerator:41 - Generating unique operation named: queryByIdUsingGET_20
2022-02-05 09:13:20.252 [main] INFO  s.d.s.w.r.operation.CachingOperationNameGenerator:41 - Generating unique operation named: queryPageListUsingGET_20
2022-02-05 09:13:20.258 [main] INFO  s.d.s.w.r.operation.CachingOperationNameGenerator:41 - Generating unique operation named: addUsingPOST_21
2022-02-05 09:13:20.259 [main] INFO  s.d.s.w.r.operation.CachingOperationNameGenerator:41 - Generating unique operation named: deleteUsingDELETE_21
2022-02-05 09:13:20.260 [main] INFO  s.d.s.w.r.operation.CachingOperationNameGenerator:41 - Generating unique operation named: deleteBatchUsingDELETE_21
2022-02-05 09:13:20.262 [main] INFO  s.d.s.w.r.operation.CachingOperationNameGenerator:41 - Generating unique operation named: editUsingPUT_21
2022-02-05 09:13:20.264 [main] INFO  s.d.s.w.r.operation.CachingOperationNameGenerator:41 - Generating unique operation named: queryByIdUsingGET_21
2022-02-05 09:13:20.267 [main] INFO  s.d.s.w.r.operation.CachingOperationNameGenerator:41 - Generating unique operation named: queryPageListUsingGET_21
2022-02-05 09:13:20.273 [main] INFO  s.d.s.w.r.operation.CachingOperationNameGenerator:41 - Generating unique operation named: addUsingPOST_22
2022-02-05 09:13:20.274 [main] INFO  s.d.s.w.r.operation.CachingOperationNameGenerator:41 - Generating unique operation named: deleteUsingDELETE_22
2022-02-05 09:13:20.276 [main] INFO  s.d.s.w.r.operation.CachingOperationNameGenerator:41 - Generating unique operation named: deleteBatchUsingDELETE_22
2022-02-05 09:13:20.278 [main] INFO  s.d.s.w.r.operation.CachingOperationNameGenerator:41 - Generating unique operation named: editUsingPUT_22
2022-02-05 09:13:20.279 [main] INFO  s.d.s.w.r.operation.CachingOperationNameGenerator:41 - Generating unique operation named: queryByIdUsingGET_22
2022-02-05 09:13:20.283 [main] INFO  s.d.s.w.r.operation.CachingOperationNameGenerator:41 - Generating unique operation named: queryPageListUsingGET_22
2022-02-05 09:13:20.548 [main] INFO  o.s.scheduling.quartz.SchedulerFactoryBean:727 - Starting Quartz Scheduler now
2022-02-05 09:13:20.807 [main] INFO  o.s.scheduling.quartz.LocalDataSourceJobStore:3644 - ClusterManager: detected 1 failed or restarted instances.
2022-02-05 09:13:20.807 [main] INFO  o.s.scheduling.quartz.LocalDataSourceJobStore:3503 - ClusterManager: Scanning for instance "DESKTOP-7KA81K71644023318131"'s failed in-progress jobs.
2022-02-05 09:13:20.819 [main] INFO  org.quartz.core.QuartzScheduler:547 - Scheduler MyScheduler_$_DESKTOP-7KA81K71644023591812 started.
2022-02-05 09:13:20.847 [main] INFO  org.jeecg.BimApplication:61 - Started BimApplication in 30.941 seconds (JVM running for 32.296)
2022-02-05 09:13:20.859 [main] INFO  c.c.b.server.queue.discovery.HashPartitionService:315 - [DESKTOP-7KA81K7] Found common server: [[TB_CORE, TB_RULE_ENGINE, TB_TRANSPORT, JS_EXECUTOR]]
2022-02-05 09:13:20.862 [main] INFO  c.c.b.server.queue.discovery.HashPartitionService:162 - [ServiceQueueKey(serviceQueue=ServiceQueue(type=TB_RULE_ENGINE, queue=SequentialByOriginator), tenantId=123456789123456789)] NEW PARTITIONS: [0, 1, 2, 3, 4, 5, 6, 7, 8, 9]
2022-02-05 09:13:20.864 [main] INFO  com.ciat.bim.server.DefaultActorService:122 - Received partition change event.
2022-02-05 09:13:20.866 [app-dispatcher-9-thread-1] INFO  com.ciat.bim.server.actors.app.AppActor:105 - Starting main system actor.
2022-02-05 09:13:20.866 [main] INFO  c.c.b.server.queue.discovery.HashPartitionService:162 - [ServiceQueueKey(serviceQueue=ServiceQueue(type=TB_RULE_ENGINE, queue=HighPriority), tenantId=123456789123456789)] NEW PARTITIONS: [0, 1, 2, 3, 4, 5, 6, 7, 8, 9]
2022-02-05 09:13:20.867 [main] INFO  com.ciat.bim.server.DefaultActorService:122 - Received partition change event.
2022-02-05 09:13:20.867 [main] INFO  c.c.b.server.queue.discovery.HashPartitionService:162 - [ServiceQueueKey(serviceQueue=ServiceQueue(type=TB_CORE, queue=Main), tenantId=123456789123456789)] NEW PARTITIONS: [0, 1, 2, 3, 4, 5, 6, 7, 8, 9]
2022-02-05 09:13:20.871 [main] INFO  com.ciat.bim.server.DefaultActorService:122 - Received partition change event.
2022-02-05 09:13:20.871 [device-state-scheduled-3-thread-1] INFO  c.ciat.bim.server.state.DefaultDeviceStateService:281 - CURRENT PARTITIONS: []
2022-02-05 09:13:20.875 [device-state-scheduled-3-thread-1] INFO  c.ciat.bim.server.state.DefaultDeviceStateService:282 - NEW PARTITIONS: [TopicPartitionInfo(topic=tb_core, tenantId=Optional.empty, partition=Optional[5], fullTopicName=tb_core.5, myPartition=true), TopicPartitionInfo(topic=tb_core, tenantId=Optional.empty, partition=Optional[6], fullTopicName=tb_core.6, myPartition=true), TopicPartitionInfo(topic=tb_core, tenantId=Optional.empty, partition=Optional[3], fullTopicName=tb_core.3, myPartition=true), TopicPartitionInfo(topic=tb_core, tenantId=Optional.empty, partition=Optional[4], fullTopicName=tb_core.4, myPartition=true), TopicPartitionInfo(topic=tb_core, tenantId=Optional.empty, partition=Optional[1], fullTopicName=tb_core.1, myPartition=true), TopicPartitionInfo(topic=tb_core, tenantId=Optional.empty, partition=Optional[2], fullTopicName=tb_core.2, myPartition=true), TopicPartitionInfo(topic=tb_core, tenantId=Optional.empty, partition=Optional[0], fullTopicName=tb_core.0, myPartition=true), TopicPartitionInfo(topic=tb_core, tenantId=Optional.empty, partition=Optional[9], fullTopicName=tb_core.9, myPartition=true), TopicPartitionInfo(topic=tb_core, tenantId=Optional.empty, partition=Optional[7], fullTopicName=tb_core.7, myPartition=true), TopicPartitionInfo(topic=tb_core, tenantId=Optional.empty, partition=Optional[8], fullTopicName=tb_core.8, myPartition=true)]
2022-02-05 09:13:20.873 [main] INFO  c.c.bim.server.queue.DefaultTbCoreConsumerService:155 - Subscribing to partitions: [TopicPartitionInfo(topic=tb_core, tenantId=Optional.empty, partition=Optional[5], fullTopicName=tb_core.5, myPartition=true), TopicPartitionInfo(topic=tb_core, tenantId=Optional.empty, partition=Optional[6], fullTopicName=tb_core.6, myPartition=true), TopicPartitionInfo(topic=tb_core, tenantId=Optional.empty, partition=Optional[3], fullTopicName=tb_core.3, myPartition=true), TopicPartitionInfo(topic=tb_core, tenantId=Optional.empty, partition=Optional[4], fullTopicName=tb_core.4, myPartition=true), TopicPartitionInfo(topic=tb_core, tenantId=Optional.empty, partition=Optional[1], fullTopicName=tb_core.1, myPartition=true), TopicPartitionInfo(topic=tb_core, tenantId=Optional.empty, partition=Optional[2], fullTopicName=tb_core.2, myPartition=true), TopicPartitionInfo(topic=tb_core, tenantId=Optional.empty, partition=Optional[0], fullTopicName=tb_core.0, myPartition=true), TopicPartitionInfo(topic=tb_core, tenantId=Optional.empty, partition=Optional[9], fullTopicName=tb_core.9, myPartition=true), TopicPartitionInfo(topic=tb_core, tenantId=Optional.empty, partition=Optional[7], fullTopicName=tb_core.7, myPartition=true), TopicPartitionInfo(topic=tb_core, tenantId=Optional.empty, partition=Optional[8], fullTopicName=tb_core.8, myPartition=true)]
2022-02-05 09:13:20.883 [device-state-scheduled-3-thread-1] INFO  c.ciat.bim.server.state.DefaultDeviceStateService:287 - ADDED PARTITIONS: [TopicPartitionInfo(topic=tb_core, tenantId=Optional.empty, partition=Optional[5], fullTopicName=tb_core.5, myPartition=true), TopicPartitionInfo(topic=tb_core, tenantId=Optional.empty, partition=Optional[6], fullTopicName=tb_core.6, myPartition=true), TopicPartitionInfo(topic=tb_core, tenantId=Optional.empty, partition=Optional[3], fullTopicName=tb_core.3, myPartition=true), TopicPartitionInfo(topic=tb_core, tenantId=Optional.empty, partition=Optional[4], fullTopicName=tb_core.4, myPartition=true), TopicPartitionInfo(topic=tb_core, tenantId=Optional.empty, partition=Optional[1], fullTopicName=tb_core.1, myPartition=true), TopicPartitionInfo(topic=tb_core, tenantId=Optional.empty, partition=Optional[2], fullTopicName=tb_core.2, myPartition=true), TopicPartitionInfo(topic=tb_core, tenantId=Optional.empty, partition=Optional[0], fullTopicName=tb_core.0, myPartition=true), TopicPartitionInfo(topic=tb_core, tenantId=Optional.empty, partition=Optional[9], fullTopicName=tb_core.9, myPartition=true), TopicPartitionInfo(topic=tb_core, tenantId=Optional.empty, partition=Optional[7], fullTopicName=tb_core.7, myPartition=true), TopicPartitionInfo(topic=tb_core, tenantId=Optional.empty, partition=Optional[8], fullTopicName=tb_core.8, myPartition=true)]
2022-02-05 09:13:20.884 [device-state-scheduled-3-thread-1] INFO  c.ciat.bim.server.state.DefaultDeviceStateService:292 - REMOVED PARTITIONS: []
2022-02-05 09:13:20.884 [main] INFO  c.c.b.server.queue.discovery.HashPartitionService:162 - [ServiceQueueKey(serviceQueue=ServiceQueue(type=TB_RULE_ENGINE, queue=Main), tenantId=123456789123456789)] NEW PARTITIONS: [0, 1, 2, 3, 4, 5, 6, 7, 8, 9]
2022-02-05 09:13:20.885 [main] INFO  com.ciat.bim.server.DefaultActorService:122 - Received partition change event.
2022-02-05 09:13:20.886 [main] INFO  com.ciat.bim.transport.TbCoreTransportApiService:98 - Received application ready event. Starting polling for events.
2022-02-05 09:13:20.886 [device-state-scheduled-3-thread-1] INFO  c.ciat.bim.server.state.DefaultDeviceStateService:305 - Managing following partitions:
2022-02-05 09:13:20.890 [main] INFO  com.ciat.bim.server.DefaultActorService:116 - Received application ready event. Sending application init message to actor system
2022-02-05 09:13:20.890 [device-state-scheduled-3-thread-1] INFO  c.ciat.bim.server.state.DefaultDeviceStateService:307 - [tb_core.5]: 0 devices
2022-02-05 09:13:20.893 [device-state-scheduled-3-thread-1] INFO  c.ciat.bim.server.state.DefaultDeviceStateService:307 - [tb_core.6]: 0 devices
2022-02-05 09:13:20.893 [device-state-scheduled-3-thread-1] INFO  c.ciat.bim.server.state.DefaultDeviceStateService:307 - [tb_core.3]: 0 devices
2022-02-05 09:13:20.894 [device-state-scheduled-3-thread-1] INFO  c.ciat.bim.server.state.DefaultDeviceStateService:307 - [tb_core.4]: 0 devices
2022-02-05 09:13:20.894 [device-state-scheduled-3-thread-1] INFO  c.ciat.bim.server.state.DefaultDeviceStateService:307 - [tb_core.1]: 0 devices
2022-02-05 09:13:20.896 [device-state-scheduled-3-thread-1] INFO  c.ciat.bim.server.state.DefaultDeviceStateService:307 - [tb_core.2]: 0 devices
2022-02-05 09:13:20.897 [device-state-scheduled-3-thread-1] INFO  c.ciat.bim.server.state.DefaultDeviceStateService:307 - [tb_core.0]: 0 devices
2022-02-05 09:13:20.897 [device-state-scheduled-3-thread-1] INFO  c.ciat.bim.server.state.DefaultDeviceStateService:307 - [tb_core.9]: 0 devices
2022-02-05 09:13:20.898 [device-state-scheduled-3-thread-1] INFO  c.ciat.bim.server.state.DefaultDeviceStateService:307 - [tb_core.7]: 0 devices
2022-02-05 09:13:20.898 [device-state-scheduled-3-thread-1] INFO  c.ciat.bim.server.state.DefaultDeviceStateService:307 - [tb_core.8]: 0 devices
2022-02-05 09:13:20.907 [main] INFO  org.jeecg.BimApplication:36 - 
----------------------------------------------------------
	Local: 		http://localhost:8888/jeecg-boot/
	External: 	http://192.168.31.39:8888/jeecg-boot/
	Swagger文档: 	http://192.168.31.39:8888/jeecg-boot/doc.html
----------------------------------------------------------
2022-02-05 09:13:21.141 [tenant-dispatcher-1-1] INFO  com.ciat.bim.server.actors.TenantActor:61 - [1479435407555465218] Starting tenant actor.
2022-02-05 09:13:21.142 [app-dispatcher-9-thread-1] INFO  com.ciat.bim.server.actors.app.AppActor:132 - Main system actor started.
2022-02-05 09:13:21.142 [tenant-dispatcher-0-2] INFO  com.ciat.bim.server.actors.TenantActor:61 - [1479436119425323009] Starting tenant actor.
2022-02-05 09:13:21.241 [tenant-dispatcher-0-2] INFO  com.ciat.bim.server.actors.TenantActor:81 - [1479436119425323009] Going to init rule chains
2022-02-05 09:13:21.249 [tenant-dispatcher-0-2] INFO  com.ciat.bim.server.actors.TenantActor:93 - [1479436119425323009] Tenant actor started.
2022-02-05 09:13:21.253 [tenant-dispatcher-0-2] INFO  com.ciat.bim.server.actors.TenantActor:108 - [1479436119425323009] Processing missing Tenant msg: PartitionChangeMsg(serviceQueueKey=ServiceQueueKey(serviceQueue=ServiceQueue(type=TB_RULE_ENGINE, queue=SequentialByOriginator), tenantId=123456789123456789), partitions=[TopicPartitionInfo(topic=tb_rule_engine.sq, tenantId=Optional.empty, partition=Optional[9], fullTopicName=tb_rule_engine.sq.9, myPartition=true), TopicPartitionInfo(topic=tb_rule_engine.sq, tenantId=Optional.empty, partition=Optional[8], fullTopicName=tb_rule_engine.sq.8, myPartition=true), TopicPartitionInfo(topic=tb_rule_engine.sq, tenantId=Optional.empty, partition=Optional[7], fullTopicName=tb_rule_engine.sq.7, myPartition=true), TopicPartitionInfo(topic=tb_rule_engine.sq, tenantId=Optional.empty, partition=Optional[2], fullTopicName=tb_rule_engine.sq.2, myPartition=true), TopicPartitionInfo(topic=tb_rule_engine.sq, tenantId=Optional.empty, partition=Optional[1], fullTopicName=tb_rule_engine.sq.1, myPartition=true), TopicPartitionInfo(topic=tb_rule_engine.sq, tenantId=Optional.empty, partition=Optional[0], fullTopicName=tb_rule_engine.sq.0, myPartition=true), TopicPartitionInfo(topic=tb_rule_engine.sq, tenantId=Optional.empty, partition=Optional[6], fullTopicName=tb_rule_engine.sq.6, myPartition=true), TopicPartitionInfo(topic=tb_rule_engine.sq, tenantId=Optional.empty, partition=Optional[5], fullTopicName=tb_rule_engine.sq.5, myPartition=true), TopicPartitionInfo(topic=tb_rule_engine.sq, tenantId=Optional.empty, partition=Optional[4], fullTopicName=tb_rule_engine.sq.4, myPartition=true), TopicPartitionInfo(topic=tb_rule_engine.sq, tenantId=Optional.empty, partition=Optional[3], fullTopicName=tb_rule_engine.sq.3, myPartition=true)])
2022-02-05 09:13:21.254 [tenant-dispatcher-0-2] INFO  com.ciat.bim.server.actors.TenantActor:108 - [1479436119425323009] Processing missing Tenant msg: PartitionChangeMsg(serviceQueueKey=ServiceQueueKey(serviceQueue=ServiceQueue(type=TB_RULE_ENGINE, queue=HighPriority), tenantId=123456789123456789), partitions=[TopicPartitionInfo(topic=tb_rule_engine.hp, tenantId=Optional.empty, partition=Optional[9], fullTopicName=tb_rule_engine.hp.9, myPartition=true), TopicPartitionInfo(topic=tb_rule_engine.hp, tenantId=Optional.empty, partition=Optional[7], fullTopicName=tb_rule_engine.hp.7, myPartition=true), TopicPartitionInfo(topic=tb_rule_engine.hp, tenantId=Optional.empty, partition=Optional[8], fullTopicName=tb_rule_engine.hp.8, myPartition=true), TopicPartitionInfo(topic=tb_rule_engine.hp, tenantId=Optional.empty, partition=Optional[5], fullTopicName=tb_rule_engine.hp.5, myPartition=true), TopicPartitionInfo(topic=tb_rule_engine.hp, tenantId=Optional.empty, partition=Optional[6], fullTopicName=tb_rule_engine.hp.6, myPartition=true), TopicPartitionInfo(topic=tb_rule_engine.hp, tenantId=Optional.empty, partition=Optional[3], fullTopicName=tb_rule_engine.hp.3, myPartition=true), TopicPartitionInfo(topic=tb_rule_engine.hp, tenantId=Optional.empty, partition=Optional[4], fullTopicName=tb_rule_engine.hp.4, myPartition=true), TopicPartitionInfo(topic=tb_rule_engine.hp, tenantId=Optional.empty, partition=Optional[1], fullTopicName=tb_rule_engine.hp.1, myPartition=true), TopicPartitionInfo(topic=tb_rule_engine.hp, tenantId=Optional.empty, partition=Optional[2], fullTopicName=tb_rule_engine.hp.2, myPartition=true), TopicPartitionInfo(topic=tb_rule_engine.hp, tenantId=Optional.empty, partition=Optional[0], fullTopicName=tb_rule_engine.hp.0, myPartition=true)])
2022-02-05 09:13:21.255 [tenant-dispatcher-0-2] INFO  com.ciat.bim.server.actors.TenantActor:108 - [1479436119425323009] Processing missing Tenant msg: PartitionChangeMsg(serviceQueueKey=ServiceQueueKey(serviceQueue=ServiceQueue(type=TB_CORE, queue=Main), tenantId=123456789123456789), partitions=[TopicPartitionInfo(topic=tb_core, tenantId=Optional.empty, partition=Optional[5], fullTopicName=tb_core.5, myPartition=true), TopicPartitionInfo(topic=tb_core, tenantId=Optional.empty, partition=Optional[6], fullTopicName=tb_core.6, myPartition=true), TopicPartitionInfo(topic=tb_core, tenantId=Optional.empty, partition=Optional[3], fullTopicName=tb_core.3, myPartition=true), TopicPartitionInfo(topic=tb_core, tenantId=Optional.empty, partition=Optional[4], fullTopicName=tb_core.4, myPartition=true), TopicPartitionInfo(topic=tb_core, tenantId=Optional.empty, partition=Optional[1], fullTopicName=tb_core.1, myPartition=true), TopicPartitionInfo(topic=tb_core, tenantId=Optional.empty, partition=Optional[2], fullTopicName=tb_core.2, myPartition=true), TopicPartitionInfo(topic=tb_core, tenantId=Optional.empty, partition=Optional[0], fullTopicName=tb_core.0, myPartition=true), TopicPartitionInfo(topic=tb_core, tenantId=Optional.empty, partition=Optional[9], fullTopicName=tb_core.9, myPartition=true), TopicPartitionInfo(topic=tb_core, tenantId=Optional.empty, partition=Optional[7], fullTopicName=tb_core.7, myPartition=true), TopicPartitionInfo(topic=tb_core, tenantId=Optional.empty, partition=Optional[8], fullTopicName=tb_core.8, myPartition=true)])
2022-02-05 09:13:21.256 [tenant-dispatcher-0-2] INFO  com.ciat.bim.server.actors.TenantActor:108 - [1479436119425323009] Processing missing Tenant msg: PartitionChangeMsg(serviceQueueKey=ServiceQueueKey(serviceQueue=ServiceQueue(type=TB_RULE_ENGINE, queue=Main), tenantId=123456789123456789), partitions=[TopicPartitionInfo(topic=tb_rule_engine.main, tenantId=Optional.empty, partition=Optional[8], fullTopicName=tb_rule_engine.main.8, myPartition=true), TopicPartitionInfo(topic=tb_rule_engine.main, tenantId=Optional.empty, partition=Optional[9], fullTopicName=tb_rule_engine.main.9, myPartition=true), TopicPartitionInfo(topic=tb_rule_engine.main, tenantId=Optional.empty, partition=Optional[6], fullTopicName=tb_rule_engine.main.6, myPartition=true), TopicPartitionInfo(topic=tb_rule_engine.main, tenantId=Optional.empty, partition=Optional[7], fullTopicName=tb_rule_engine.main.7, myPartition=true), TopicPartitionInfo(topic=tb_rule_engine.main, tenantId=Optional.empty, partition=Optional[4], fullTopicName=tb_rule_engine.main.4, myPartition=true), TopicPartitionInfo(topic=tb_rule_engine.main, tenantId=Optional.empty, partition=Optional[5], fullTopicName=tb_rule_engine.main.5, myPartition=true), TopicPartitionInfo(topic=tb_rule_engine.main, tenantId=Optional.empty, partition=Optional[2], fullTopicName=tb_rule_engine.main.2, myPartition=true), TopicPartitionInfo(topic=tb_rule_engine.main, tenantId=Optional.empty, partition=Optional[3], fullTopicName=tb_rule_engine.main.3, myPartition=true), TopicPartitionInfo(topic=tb_rule_engine.main, tenantId=Optional.empty, partition=Optional[0], fullTopicName=tb_rule_engine.main.0, myPartition=true), TopicPartitionInfo(topic=tb_rule_engine.main, tenantId=Optional.empty, partition=Optional[1], fullTopicName=tb_rule_engine.main.1, myPartition=true)])
2022-02-05 09:13:21.287 [tenant-dispatcher-1-1] INFO  com.ciat.bim.server.actors.TenantActor:81 - [1479435407555465218] Going to init rule chains
2022-02-05 09:13:21.287 [tenant-dispatcher-1-1] INFO  com.ciat.bim.server.actors.TenantActor:93 - [1479435407555465218] Tenant actor started.
2022-02-05 09:13:21.287 [tenant-dispatcher-1-1] INFO  com.ciat.bim.server.actors.TenantActor:108 - [1479435407555465218] Processing missing Tenant msg: PartitionChangeMsg(serviceQueueKey=ServiceQueueKey(serviceQueue=ServiceQueue(type=TB_RULE_ENGINE, queue=SequentialByOriginator), tenantId=123456789123456789), partitions=[TopicPartitionInfo(topic=tb_rule_engine.sq, tenantId=Optional.empty, partition=Optional[9], fullTopicName=tb_rule_engine.sq.9, myPartition=true), TopicPartitionInfo(topic=tb_rule_engine.sq, tenantId=Optional.empty, partition=Optional[8], fullTopicName=tb_rule_engine.sq.8, myPartition=true), TopicPartitionInfo(topic=tb_rule_engine.sq, tenantId=Optional.empty, partition=Optional[7], fullTopicName=tb_rule_engine.sq.7, myPartition=true), TopicPartitionInfo(topic=tb_rule_engine.sq, tenantId=Optional.empty, partition=Optional[2], fullTopicName=tb_rule_engine.sq.2, myPartition=true), TopicPartitionInfo(topic=tb_rule_engine.sq, tenantId=Optional.empty, partition=Optional[1], fullTopicName=tb_rule_engine.sq.1, myPartition=true), TopicPartitionInfo(topic=tb_rule_engine.sq, tenantId=Optional.empty, partition=Optional[0], fullTopicName=tb_rule_engine.sq.0, myPartition=true), TopicPartitionInfo(topic=tb_rule_engine.sq, tenantId=Optional.empty, partition=Optional[6], fullTopicName=tb_rule_engine.sq.6, myPartition=true), TopicPartitionInfo(topic=tb_rule_engine.sq, tenantId=Optional.empty, partition=Optional[5], fullTopicName=tb_rule_engine.sq.5, myPartition=true), TopicPartitionInfo(topic=tb_rule_engine.sq, tenantId=Optional.empty, partition=Optional[4], fullTopicName=tb_rule_engine.sq.4, myPartition=true), TopicPartitionInfo(topic=tb_rule_engine.sq, tenantId=Optional.empty, partition=Optional[3], fullTopicName=tb_rule_engine.sq.3, myPartition=true)])
2022-02-05 09:13:21.288 [tenant-dispatcher-1-1] INFO  com.ciat.bim.server.actors.TenantActor:108 - [1479435407555465218] Processing missing Tenant msg: PartitionChangeMsg(serviceQueueKey=ServiceQueueKey(serviceQueue=ServiceQueue(type=TB_RULE_ENGINE, queue=HighPriority), tenantId=123456789123456789), partitions=[TopicPartitionInfo(topic=tb_rule_engine.hp, tenantId=Optional.empty, partition=Optional[9], fullTopicName=tb_rule_engine.hp.9, myPartition=true), TopicPartitionInfo(topic=tb_rule_engine.hp, tenantId=Optional.empty, partition=Optional[7], fullTopicName=tb_rule_engine.hp.7, myPartition=true), TopicPartitionInfo(topic=tb_rule_engine.hp, tenantId=Optional.empty, partition=Optional[8], fullTopicName=tb_rule_engine.hp.8, myPartition=true), TopicPartitionInfo(topic=tb_rule_engine.hp, tenantId=Optional.empty, partition=Optional[5], fullTopicName=tb_rule_engine.hp.5, myPartition=true), TopicPartitionInfo(topic=tb_rule_engine.hp, tenantId=Optional.empty, partition=Optional[6], fullTopicName=tb_rule_engine.hp.6, myPartition=true), TopicPartitionInfo(topic=tb_rule_engine.hp, tenantId=Optional.empty, partition=Optional[3], fullTopicName=tb_rule_engine.hp.3, myPartition=true), TopicPartitionInfo(topic=tb_rule_engine.hp, tenantId=Optional.empty, partition=Optional[4], fullTopicName=tb_rule_engine.hp.4, myPartition=true), TopicPartitionInfo(topic=tb_rule_engine.hp, tenantId=Optional.empty, partition=Optional[1], fullTopicName=tb_rule_engine.hp.1, myPartition=true), TopicPartitionInfo(topic=tb_rule_engine.hp, tenantId=Optional.empty, partition=Optional[2], fullTopicName=tb_rule_engine.hp.2, myPartition=true), TopicPartitionInfo(topic=tb_rule_engine.hp, tenantId=Optional.empty, partition=Optional[0], fullTopicName=tb_rule_engine.hp.0, myPartition=true)])
2022-02-05 09:13:21.288 [tenant-dispatcher-1-1] INFO  com.ciat.bim.server.actors.TenantActor:108 - [1479435407555465218] Processing missing Tenant msg: PartitionChangeMsg(serviceQueueKey=ServiceQueueKey(serviceQueue=ServiceQueue(type=TB_CORE, queue=Main), tenantId=123456789123456789), partitions=[TopicPartitionInfo(topic=tb_core, tenantId=Optional.empty, partition=Optional[5], fullTopicName=tb_core.5, myPartition=true), TopicPartitionInfo(topic=tb_core, tenantId=Optional.empty, partition=Optional[6], fullTopicName=tb_core.6, myPartition=true), TopicPartitionInfo(topic=tb_core, tenantId=Optional.empty, partition=Optional[3], fullTopicName=tb_core.3, myPartition=true), TopicPartitionInfo(topic=tb_core, tenantId=Optional.empty, partition=Optional[4], fullTopicName=tb_core.4, myPartition=true), TopicPartitionInfo(topic=tb_core, tenantId=Optional.empty, partition=Optional[1], fullTopicName=tb_core.1, myPartition=true), TopicPartitionInfo(topic=tb_core, tenantId=Optional.empty, partition=Optional[2], fullTopicName=tb_core.2, myPartition=true), TopicPartitionInfo(topic=tb_core, tenantId=Optional.empty, partition=Optional[0], fullTopicName=tb_core.0, myPartition=true), TopicPartitionInfo(topic=tb_core, tenantId=Optional.empty, partition=Optional[9], fullTopicName=tb_core.9, myPartition=true), TopicPartitionInfo(topic=tb_core, tenantId=Optional.empty, partition=Optional[7], fullTopicName=tb_core.7, myPartition=true), TopicPartitionInfo(topic=tb_core, tenantId=Optional.empty, partition=Optional[8], fullTopicName=tb_core.8, myPartition=true)])
2022-02-05 09:13:21.288 [tenant-dispatcher-1-1] INFO  com.ciat.bim.server.actors.TenantActor:108 - [1479435407555465218] Processing missing Tenant msg: PartitionChangeMsg(serviceQueueKey=ServiceQueueKey(serviceQueue=ServiceQueue(type=TB_RULE_ENGINE, queue=Main), tenantId=123456789123456789), partitions=[TopicPartitionInfo(topic=tb_rule_engine.main, tenantId=Optional.empty, partition=Optional[8], fullTopicName=tb_rule_engine.main.8, myPartition=true), TopicPartitionInfo(topic=tb_rule_engine.main, tenantId=Optional.empty, partition=Optional[9], fullTopicName=tb_rule_engine.main.9, myPartition=true), TopicPartitionInfo(topic=tb_rule_engine.main, tenantId=Optional.empty, partition=Optional[6], fullTopicName=tb_rule_engine.main.6, myPartition=true), TopicPartitionInfo(topic=tb_rule_engine.main, tenantId=Optional.empty, partition=Optional[7], fullTopicName=tb_rule_engine.main.7, myPartition=true), TopicPartitionInfo(topic=tb_rule_engine.main, tenantId=Optional.empty, partition=Optional[4], fullTopicName=tb_rule_engine.main.4, myPartition=true), TopicPartitionInfo(topic=tb_rule_engine.main, tenantId=Optional.empty, partition=Optional[5], fullTopicName=tb_rule_engine.main.5, myPartition=true), TopicPartitionInfo(topic=tb_rule_engine.main, tenantId=Optional.empty, partition=Optional[2], fullTopicName=tb_rule_engine.main.2, myPartition=true), TopicPartitionInfo(topic=tb_rule_engine.main, tenantId=Optional.empty, partition=Optional[3], fullTopicName=tb_rule_engine.main.3, myPartition=true), TopicPartitionInfo(topic=tb_rule_engine.main, tenantId=Optional.empty, partition=Optional[0], fullTopicName=tb_rule_engine.main.0, myPartition=true), TopicPartitionInfo(topic=tb_rule_engine.main, tenantId=Optional.empty, partition=Optional[1], fullTopicName=tb_rule_engine.main.1, myPartition=true)])
2022-02-05 09:13:22.291 [nioEventLoopGroup-5-2] INFO  com.ciat.bim.transport.mqtt.MqttTransportHandler:734 - [97bb4199-5f81-4b3a-adc5-8987227207a5] Processing connect msg for client: 86652179-d5d5-4be6-a85a-236ad780b7501644021682492!
2022-02-05 09:13:22.292 [nioEventLoopGroup-5-2] INFO  com.ciat.bim.transport.mqtt.MqttTransportHandler:752 - [97bb4199-5f81-4b3a-adc5-8987227207a5] Processing connect msg for client with user name: admin!
2022-02-05 09:13:23.351 [nioEventLoopGroup-5-3] INFO  com.ciat.bim.transport.mqtt.MqttTransportHandler:734 - [de4a0834-048a-4a07-91d6-de358d0d38a0] Processing connect msg for client: 86652179-d5d5-4be6-a85a-236ad780b7501644021682492!
2022-02-05 09:13:23.352 [nioEventLoopGroup-5-3] INFO  com.ciat.bim.transport.mqtt.MqttTransportHandler:752 - [de4a0834-048a-4a07-91d6-de358d0d38a0] Processing connect msg for client with user name: admin!
2022-02-05 09:13:24.434 [nioEventLoopGroup-5-4] INFO  com.ciat.bim.transport.mqtt.MqttTransportHandler:734 - [542e0c9a-047b-4ad2-9991-d963b7054c45] Processing connect msg for client: 86652179-d5d5-4be6-a85a-236ad780b7501644021682492!
2022-02-05 09:13:24.435 [nioEventLoopGroup-5-4] INFO  com.ciat.bim.transport.mqtt.MqttTransportHandler:752 - [542e0c9a-047b-4ad2-9991-d963b7054c45] Processing connect msg for client with user name: admin!
2022-02-05 09:13:25.493 [nioEventLoopGroup-5-5] INFO  com.ciat.bim.transport.mqtt.MqttTransportHandler:734 - [3453b42d-66e2-40fc-b355-d0624675c263] Processing connect msg for client: 86652179-d5d5-4be6-a85a-236ad780b7501644021682492!
2022-02-05 09:13:25.493 [nioEventLoopGroup-5-5] INFO  com.ciat.bim.transport.mqtt.MqttTransportHandler:752 - [3453b42d-66e2-40fc-b355-d0624675c263] Processing connect msg for client with user name: admin!
2022-02-05 09:13:26.541 [nioEventLoopGroup-5-6] INFO  com.ciat.bim.transport.mqtt.MqttTransportHandler:734 - [60f31b28-5ee9-4fab-abaa-ae848c2d03c8] Processing connect msg for client: 86652179-d5d5-4be6-a85a-236ad780b7501644021682492!
2022-02-05 09:13:26.541 [nioEventLoopGroup-5-6] INFO  com.ciat.bim.transport.mqtt.MqttTransportHandler:752 - [60f31b28-5ee9-4fab-abaa-ae848c2d03c8] Processing connect msg for client with user name: admin!
2022-02-05 09:13:27.608 [nioEventLoopGroup-5-7] INFO  com.ciat.bim.transport.mqtt.MqttTransportHandler:734 - [3e43ac2f-3a4c-4f79-b7ca-0b42b1958677] Processing connect msg for client: 86652179-d5d5-4be6-a85a-236ad780b7501644021682492!
2022-02-05 09:13:27.609 [nioEventLoopGroup-5-7] INFO  com.ciat.bim.transport.mqtt.MqttTransportHandler:752 - [3e43ac2f-3a4c-4f79-b7ca-0b42b1958677] Processing connect msg for client with user name: admin!
2022-02-05 09:13:28.679 [nioEventLoopGroup-5-8] INFO  com.ciat.bim.transport.mqtt.MqttTransportHandler:734 - [5b629484-6053-487b-bc5b-ec2524bf659d] Processing connect msg for client: 86652179-d5d5-4be6-a85a-236ad780b7501644021682492!
2022-02-05 09:13:28.680 [nioEventLoopGroup-5-8] INFO  com.ciat.bim.transport.mqtt.MqttTransportHandler:752 - [5b629484-6053-487b-bc5b-ec2524bf659d] Processing connect msg for client with user name: admin!
2022-02-05 09:13:29.716 [nioEventLoopGroup-5-9] INFO  com.ciat.bim.transport.mqtt.MqttTransportHandler:734 - [56e54f78-4cb7-4c00-9dea-23871b1e3fa6] Processing connect msg for client: 86652179-d5d5-4be6-a85a-236ad780b7501644021682492!
2022-02-05 09:13:29.717 [nioEventLoopGroup-5-9] INFO  com.ciat.bim.transport.mqtt.MqttTransportHandler:752 - [56e54f78-4cb7-4c00-9dea-23871b1e3fa6] Processing connect msg for client with user name: admin!
2022-02-05 09:13:30.776 [nioEventLoopGroup-5-10] INFO  com.ciat.bim.transport.mqtt.MqttTransportHandler:734 - [a176fc26-9819-4c80-94f3-2754d297ce72] Processing connect msg for client: 86652179-d5d5-4be6-a85a-236ad780b7501644021682492!
2022-02-05 09:13:31.372 [nioEventLoopGroup-5-10] INFO  com.ciat.bim.transport.mqtt.MqttTransportHandler:752 - [a176fc26-9819-4c80-94f3-2754d297ce72] Processing connect msg for client with user name: admin!
2022-02-05 09:13:32.416 [nioEventLoopGroup-5-11] INFO  com.ciat.bim.transport.mqtt.MqttTransportHandler:734 - [d6a44309-8043-42f5-882e-17711aca734f] Processing connect msg for client: 86652179-d5d5-4be6-a85a-236ad780b7501644021682492!
2022-02-05 09:13:32.416 [nioEventLoopGroup-5-11] INFO  com.ciat.bim.transport.mqtt.MqttTransportHandler:752 - [d6a44309-8043-42f5-882e-17711aca734f] Processing connect msg for client with user name: admin!
2022-02-05 09:13:33.450 [nioEventLoopGroup-5-12] INFO  com.ciat.bim.transport.mqtt.MqttTransportHandler:734 - [8ee041eb-f968-426f-bf02-54f91c16d4fd] Processing connect msg for client: 86652179-d5d5-4be6-a85a-236ad780b7501644021682492!
2022-02-05 09:13:33.450 [nioEventLoopGroup-5-12] INFO  com.ciat.bim.transport.mqtt.MqttTransportHandler:752 - [8ee041eb-f968-426f-bf02-54f91c16d4fd] Processing connect msg for client with user name: admin!
2022-02-05 09:13:34.505 [nioEventLoopGroup-5-1] INFO  com.ciat.bim.transport.mqtt.MqttTransportHandler:734 - [d0435567-f376-49e8-847b-9c16631ec654] Processing connect msg for client: 86652179-d5d5-4be6-a85a-236ad780b7501644021682492!
2022-02-05 09:13:36.454 [nioEventLoopGroup-5-1] INFO  com.ciat.bim.transport.mqtt.MqttTransportHandler:752 - [d0435567-f376-49e8-847b-9c16631ec654] Processing connect msg for client with user name: admin!
2022-02-05 09:13:37.532 [nioEventLoopGroup-5-2] INFO  com.ciat.bim.transport.mqtt.MqttTransportHandler:734 - [b5751c26-9703-4eda-89a2-ad046d1fb1f2] Processing connect msg for client: 86652179-d5d5-4be6-a85a-236ad780b7501644021682492!
2022-02-05 09:13:37.533 [nioEventLoopGroup-5-2] INFO  com.ciat.bim.transport.mqtt.MqttTransportHandler:752 - [b5751c26-9703-4eda-89a2-ad046d1fb1f2] Processing connect msg for client with user name: admin!
2022-02-05 09:13:38.596 [nioEventLoopGroup-5-3] INFO  com.ciat.bim.transport.mqtt.MqttTransportHandler:734 - [e1b74a17-1c4a-483e-ba4c-0967354cec53] Processing connect msg for client: 86652179-d5d5-4be6-a85a-236ad780b7501644021682492!
2022-02-05 09:13:38.597 [nioEventLoopGroup-5-3] INFO  com.ciat.bim.transport.mqtt.MqttTransportHandler:752 - [e1b74a17-1c4a-483e-ba4c-0967354cec53] Processing connect msg for client with user name: admin!
2022-02-05 09:13:39.647 [nioEventLoopGroup-5-4] INFO  com.ciat.bim.transport.mqtt.MqttTransportHandler:734 - [efa571bc-10f0-4d82-92b0-316859035826] Processing connect msg for client: 86652179-d5d5-4be6-a85a-236ad780b7501644021682492!
2022-02-05 09:13:39.648 [nioEventLoopGroup-5-4] INFO  com.ciat.bim.transport.mqtt.MqttTransportHandler:752 - [efa571bc-10f0-4d82-92b0-316859035826] Processing connect msg for client with user name: admin!
2022-02-05 09:13:40.699 [nioEventLoopGroup-5-5] INFO  com.ciat.bim.transport.mqtt.MqttTransportHandler:734 - [60ec4c62-6f7f-4057-a14c-d14d9fa721b9] Processing connect msg for client: 86652179-d5d5-4be6-a85a-236ad780b7501644021682492!
2022-02-05 09:13:40.700 [nioEventLoopGroup-5-5] INFO  com.ciat.bim.transport.mqtt.MqttTransportHandler:752 - [60ec4c62-6f7f-4057-a14c-d14d9fa721b9] Processing connect msg for client with user name: admin!
2022-02-05 09:13:41.765 [nioEventLoopGroup-5-6] INFO  com.ciat.bim.transport.mqtt.MqttTransportHandler:734 - [c0ea1aef-ad02-4f04-9e7b-9cd095b40532] Processing connect msg for client: 86652179-d5d5-4be6-a85a-236ad780b7501644021682492!
2022-02-05 09:13:41.766 [nioEventLoopGroup-5-6] INFO  com.ciat.bim.transport.mqtt.MqttTransportHandler:752 - [c0ea1aef-ad02-4f04-9e7b-9cd095b40532] Processing connect msg for client with user name: admin!
2022-02-05 09:13:42.819 [nioEventLoopGroup-5-7] INFO  com.ciat.bim.transport.mqtt.MqttTransportHandler:734 - [5d30dc75-595b-4866-8f3d-6d3392436be5] Processing connect msg for client: 86652179-d5d5-4be6-a85a-236ad780b7501644021682492!
2022-02-05 09:13:42.819 [nioEventLoopGroup-5-7] INFO  com.ciat.bim.transport.mqtt.MqttTransportHandler:752 - [5d30dc75-595b-4866-8f3d-6d3392436be5] Processing connect msg for client with user name: admin!
2022-02-05 09:13:43.857 [nioEventLoopGroup-5-8] INFO  com.ciat.bim.transport.mqtt.MqttTransportHandler:734 - [9111f3b4-9bca-4229-897e-82453861a06d] Processing connect msg for client: 86652179-d5d5-4be6-a85a-236ad780b7501644021682492!
2022-02-05 09:13:43.857 [nioEventLoopGroup-5-8] INFO  com.ciat.bim.transport.mqtt.MqttTransportHandler:752 - [9111f3b4-9bca-4229-897e-82453861a06d] Processing connect msg for client with user name: admin!
2022-02-05 09:13:44.926 [nioEventLoopGroup-5-9] INFO  com.ciat.bim.transport.mqtt.MqttTransportHandler:734 - [eef1cff2-01b5-461b-8dbc-0951e5873372] Processing connect msg for client: 86652179-d5d5-4be6-a85a-236ad780b7501644021682492!
2022-02-05 09:13:44.926 [nioEventLoopGroup-5-9] INFO  com.ciat.bim.transport.mqtt.MqttTransportHandler:752 - [eef1cff2-01b5-461b-8dbc-0951e5873372] Processing connect msg for client with user name: admin!
2022-02-05 09:13:45.978 [nioEventLoopGroup-5-10] INFO  com.ciat.bim.transport.mqtt.MqttTransportHandler:734 - [4076498b-56a0-46fb-bd8e-052f3dffdce8] Processing connect msg for client: 86652179-d5d5-4be6-a85a-236ad780b7501644021682492!
2022-02-05 09:13:45.979 [nioEventLoopGroup-5-10] INFO  com.ciat.bim.transport.mqtt.MqttTransportHandler:752 - [4076498b-56a0-46fb-bd8e-052f3dffdce8] Processing connect msg for client with user name: admin!
2022-02-05 09:13:47.044 [nioEventLoopGroup-5-11] INFO  com.ciat.bim.transport.mqtt.MqttTransportHandler:734 - [acd2ebfe-f899-4a23-b84e-54a9366bdfe3] Processing connect msg for client: 86652179-d5d5-4be6-a85a-236ad780b7501644021682492!
2022-02-05 09:13:47.044 [nioEventLoopGroup-5-11] INFO  com.ciat.bim.transport.mqtt.MqttTransportHandler:752 - [acd2ebfe-f899-4a23-b84e-54a9366bdfe3] Processing connect msg for client with user name: admin!
2022-02-05 09:13:48.100 [nioEventLoopGroup-5-12] INFO  com.ciat.bim.transport.mqtt.MqttTransportHandler:734 - [4260c739-2b55-4f3f-a619-0a8e76a739a2] Processing connect msg for client: 86652179-d5d5-4be6-a85a-236ad780b7501644021682492!
2022-02-05 09:13:48.101 [nioEventLoopGroup-5-12] INFO  com.ciat.bim.transport.mqtt.MqttTransportHandler:752 - [4260c739-2b55-4f3f-a619-0a8e76a739a2] Processing connect msg for client with user name: admin!
2022-02-05 09:13:49.156 [nioEventLoopGroup-5-1] INFO  com.ciat.bim.transport.mqtt.MqttTransportHandler:734 - [9650a743-7913-41b7-a2ec-2ef4d99d1772] Processing connect msg for client: 86652179-d5d5-4be6-a85a-236ad780b7501644021682492!
2022-02-05 09:13:49.156 [nioEventLoopGroup-5-1] INFO  com.ciat.bim.transport.mqtt.MqttTransportHandler:752 - [9650a743-7913-41b7-a2ec-2ef4d99d1772] Processing connect msg for client with user name: admin!
2022-02-05 09:13:50.209 [nioEventLoopGroup-5-2] INFO  com.ciat.bim.transport.mqtt.MqttTransportHandler:734 - [0773d0d4-089a-4bdf-9c87-be8873d9e514] Processing connect msg for client: 86652179-d5d5-4be6-a85a-236ad780b7501644021682492!
2022-02-05 09:13:50.209 [nioEventLoopGroup-5-2] INFO  com.ciat.bim.transport.mqtt.MqttTransportHandler:752 - [0773d0d4-089a-4bdf-9c87-be8873d9e514] Processing connect msg for client with user name: admin!
2022-02-05 09:13:51.266 [nioEventLoopGroup-5-3] INFO  com.ciat.bim.transport.mqtt.MqttTransportHandler:734 - [369b26ad-03c9-4418-90f3-3b76ef4ee111] Processing connect msg for client: 86652179-d5d5-4be6-a85a-236ad780b7501644021682492!
2022-02-05 09:13:51.267 [nioEventLoopGroup-5-3] INFO  com.ciat.bim.transport.mqtt.MqttTransportHandler:752 - [369b26ad-03c9-4418-90f3-3b76ef4ee111] Processing connect msg for client with user name: admin!
2022-02-05 09:13:52.339 [nioEventLoopGroup-5-4] INFO  com.ciat.bim.transport.mqtt.MqttTransportHandler:734 - [75f14fe0-2c10-4c59-a075-ca583071f2ee] Processing connect msg for client: 86652179-d5d5-4be6-a85a-236ad780b7501644021682492!
2022-02-05 09:13:52.340 [nioEventLoopGroup-5-4] INFO  com.ciat.bim.transport.mqtt.MqttTransportHandler:752 - [75f14fe0-2c10-4c59-a075-ca583071f2ee] Processing connect msg for client with user name: admin!
2022-02-05 09:13:53.390 [nioEventLoopGroup-5-5] INFO  com.ciat.bim.transport.mqtt.MqttTransportHandler:734 - [da79f0af-a228-4a74-9606-4f1876f1cc0c] Processing connect msg for client: 86652179-d5d5-4be6-a85a-236ad780b7501644021682492!
2022-02-05 09:13:53.390 [nioEventLoopGroup-5-5] INFO  com.ciat.bim.transport.mqtt.MqttTransportHandler:752 - [da79f0af-a228-4a74-9606-4f1876f1cc0c] Processing connect msg for client with user name: admin!
2022-02-05 09:13:54.427 [nioEventLoopGroup-5-6] INFO  com.ciat.bim.transport.mqtt.MqttTransportHandler:734 - [9bd782ab-7432-469f-bde4-86b1020e7eff] Processing connect msg for client: 86652179-d5d5-4be6-a85a-236ad780b7501644021682492!
2022-02-05 09:13:54.427 [nioEventLoopGroup-5-6] INFO  com.ciat.bim.transport.mqtt.MqttTransportHandler:752 - [9bd782ab-7432-469f-bde4-86b1020e7eff] Processing connect msg for client with user name: admin!
2022-02-05 09:13:55.481 [nioEventLoopGroup-5-7] INFO  com.ciat.bim.transport.mqtt.MqttTransportHandler:734 - [fad85a50-87a9-42e9-94a2-e36277759dcd] Processing connect msg for client: 86652179-d5d5-4be6-a85a-236ad780b7501644021682492!
2022-02-05 09:13:55.481 [nioEventLoopGroup-5-7] INFO  com.ciat.bim.transport.mqtt.MqttTransportHandler:752 - [fad85a50-87a9-42e9-94a2-e36277759dcd] Processing connect msg for client with user name: admin!
2022-02-05 09:13:56.546 [nioEventLoopGroup-5-8] INFO  com.ciat.bim.transport.mqtt.MqttTransportHandler:734 - [7b6f89ec-5064-46e6-88d8-0ba9c6bd0236] Processing connect msg for client: 86652179-d5d5-4be6-a85a-236ad780b7501644021682492!
2022-02-05 09:13:56.546 [nioEventLoopGroup-5-8] INFO  com.ciat.bim.transport.mqtt.MqttTransportHandler:752 - [7b6f89ec-5064-46e6-88d8-0ba9c6bd0236] Processing connect msg for client with user name: admin!
2022-02-05 09:13:57.605 [nioEventLoopGroup-5-9] INFO  com.ciat.bim.transport.mqtt.MqttTransportHandler:734 - [af42d9d6-591e-48cd-8ce3-9684c20cb0e8] Processing connect msg for client: 86652179-d5d5-4be6-a85a-236ad780b7501644021682492!
2022-02-05 09:13:57.606 [nioEventLoopGroup-5-9] INFO  com.ciat.bim.transport.mqtt.MqttTransportHandler:752 - [af42d9d6-591e-48cd-8ce3-9684c20cb0e8] Processing connect msg for client with user name: admin!
2022-02-05 09:13:58.681 [nioEventLoopGroup-5-10] INFO  com.ciat.bim.transport.mqtt.MqttTransportHandler:734 - [b810574f-dad5-4c5f-929f-23afcd9761c6] Processing connect msg for client: 86652179-d5d5-4be6-a85a-236ad780b7501644021682492!
2022-02-05 09:13:58.682 [nioEventLoopGroup-5-10] INFO  com.ciat.bim.transport.mqtt.MqttTransportHandler:752 - [b810574f-dad5-4c5f-929f-23afcd9761c6] Processing connect msg for client with user name: admin!
2022-02-05 09:13:59.751 [nioEventLoopGroup-5-11] INFO  com.ciat.bim.transport.mqtt.MqttTransportHandler:734 - [ecbdc45a-ffeb-4996-abcf-66a79507b9ed] Processing connect msg for client: 86652179-d5d5-4be6-a85a-236ad780b7501644021682492!
2022-02-05 09:13:59.751 [nioEventLoopGroup-5-11] INFO  com.ciat.bim.transport.mqtt.MqttTransportHandler:752 - [ecbdc45a-ffeb-4996-abcf-66a79507b9ed] Processing connect msg for client with user name: admin!
2022-02-05 09:14:00.815 [nioEventLoopGroup-5-12] INFO  com.ciat.bim.transport.mqtt.MqttTransportHandler:734 - [11d2404e-4407-4d42-b1bb-a3698890a123] Processing connect msg for client: 86652179-d5d5-4be6-a85a-236ad780b7501644021682492!
2022-02-05 09:14:00.815 [nioEventLoopGroup-5-12] INFO  com.ciat.bim.transport.mqtt.MqttTransportHandler:752 - [11d2404e-4407-4d42-b1bb-a3698890a123] Processing connect msg for client with user name: admin!
2022-02-05 09:14:01.872 [nioEventLoopGroup-5-1] INFO  com.ciat.bim.transport.mqtt.MqttTransportHandler:734 - [5d7ffc65-4b88-4c40-b7a2-55841768c0bb] Processing connect msg for client: 86652179-d5d5-4be6-a85a-236ad780b7501644021682492!
2022-02-05 09:14:01.873 [nioEventLoopGroup-5-1] INFO  com.ciat.bim.transport.mqtt.MqttTransportHandler:752 - [5d7ffc65-4b88-4c40-b7a2-55841768c0bb] Processing connect msg for client with user name: admin!
2022-02-05 09:14:02.926 [nioEventLoopGroup-5-2] INFO  com.ciat.bim.transport.mqtt.MqttTransportHandler:734 - [b7091ff8-f6d0-42ff-ac8e-1320c23cbb8b] Processing connect msg for client: 86652179-d5d5-4be6-a85a-236ad780b7501644021682492!
2022-02-05 09:14:02.926 [nioEventLoopGroup-5-2] INFO  com.ciat.bim.transport.mqtt.MqttTransportHandler:752 - [b7091ff8-f6d0-42ff-ac8e-1320c23cbb8b] Processing connect msg for client with user name: admin!
2022-02-05 09:14:03.981 [nioEventLoopGroup-5-3] INFO  com.ciat.bim.transport.mqtt.MqttTransportHandler:734 - [5b31a111-17b2-469a-885d-e20f7dcdcd29] Processing connect msg for client: 86652179-d5d5-4be6-a85a-236ad780b7501644021682492!
2022-02-05 09:14:03.981 [nioEventLoopGroup-5-3] INFO  com.ciat.bim.transport.mqtt.MqttTransportHandler:752 - [5b31a111-17b2-469a-885d-e20f7dcdcd29] Processing connect msg for client with user name: admin!
2022-02-05 09:14:05.037 [nioEventLoopGroup-5-4] INFO  com.ciat.bim.transport.mqtt.MqttTransportHandler:734 - [73fd5c90-f31a-46fd-86b7-b38d56e86ebc] Processing connect msg for client: 86652179-d5d5-4be6-a85a-236ad780b7501644021682492!
2022-02-05 09:14:05.037 [nioEventLoopGroup-5-4] INFO  com.ciat.bim.transport.mqtt.MqttTransportHandler:752 - [73fd5c90-f31a-46fd-86b7-b38d56e86ebc] Processing connect msg for client with user name: admin!
2022-02-05 09:14:06.071 [nioEventLoopGroup-5-5] INFO  com.ciat.bim.transport.mqtt.MqttTransportHandler:734 - [4a2af5fb-b030-4eb0-affe-82f6628b72bf] Processing connect msg for client: 86652179-d5d5-4be6-a85a-236ad780b7501644021682492!
2022-02-05 09:14:06.071 [nioEventLoopGroup-5-5] INFO  com.ciat.bim.transport.mqtt.MqttTransportHandler:752 - [4a2af5fb-b030-4eb0-affe-82f6628b72bf] Processing connect msg for client with user name: admin!
2022-02-05 09:14:07.140 [nioEventLoopGroup-5-6] INFO  com.ciat.bim.transport.mqtt.MqttTransportHandler:734 - [38e148d4-445c-47d0-88ce-3e75dd5eaa08] Processing connect msg for client: 86652179-d5d5-4be6-a85a-236ad780b7501644021682492!
2022-02-05 09:14:07.140 [nioEventLoopGroup-5-6] INFO  com.ciat.bim.transport.mqtt.MqttTransportHandler:752 - [38e148d4-445c-47d0-88ce-3e75dd5eaa08] Processing connect msg for client with user name: admin!
2022-02-05 09:14:08.194 [nioEventLoopGroup-5-7] INFO  com.ciat.bim.transport.mqtt.MqttTransportHandler:734 - [82f452cc-f93f-4646-ba36-648a47d4979d] Processing connect msg for client: 86652179-d5d5-4be6-a85a-236ad780b7501644021682492!
2022-02-05 09:14:08.194 [nioEventLoopGroup-5-7] INFO  com.ciat.bim.transport.mqtt.MqttTransportHandler:752 - [82f452cc-f93f-4646-ba36-648a47d4979d] Processing connect msg for client with user name: admin!
2022-02-05 09:14:09.230 [nioEventLoopGroup-5-8] INFO  com.ciat.bim.transport.mqtt.MqttTransportHandler:734 - [2e667dcd-b862-4275-b59b-11ed387f4cf3] Processing connect msg for client: 86652179-d5d5-4be6-a85a-236ad780b7501644021682492!
2022-02-05 09:14:09.231 [nioEventLoopGroup-5-8] INFO  com.ciat.bim.transport.mqtt.MqttTransportHandler:752 - [2e667dcd-b862-4275-b59b-11ed387f4cf3] Processing connect msg for client with user name: admin!
2022-02-05 09:14:10.288 [nioEventLoopGroup-5-9] INFO  com.ciat.bim.transport.mqtt.MqttTransportHandler:734 - [b0b47954-3aca-4158-970a-0a9a37ec0153] Processing connect msg for client: 86652179-d5d5-4be6-a85a-236ad780b7501644021682492!
2022-02-05 09:14:10.288 [nioEventLoopGroup-5-9] INFO  com.ciat.bim.transport.mqtt.MqttTransportHandler:752 - [b0b47954-3aca-4158-970a-0a9a37ec0153] Processing connect msg for client with user name: admin!
2022-02-05 09:14:11.344 [nioEventLoopGroup-5-10] INFO  com.ciat.bim.transport.mqtt.MqttTransportHandler:734 - [859713b2-1107-4d88-af61-7053ef16c2d4] Processing connect msg for client: 86652179-d5d5-4be6-a85a-236ad780b7501644021682492!
2022-02-05 09:14:11.345 [nioEventLoopGroup-5-10] INFO  com.ciat.bim.transport.mqtt.MqttTransportHandler:752 - [859713b2-1107-4d88-af61-7053ef16c2d4] Processing connect msg for client with user name: admin!
2022-02-05 09:14:12.400 [nioEventLoopGroup-5-11] INFO  com.ciat.bim.transport.mqtt.MqttTransportHandler:734 - [d5ce259c-0554-4c5d-8774-3d6aac15e759] Processing connect msg for client: 86652179-d5d5-4be6-a85a-236ad780b7501644021682492!
2022-02-05 09:14:12.400 [nioEventLoopGroup-5-11] INFO  com.ciat.bim.transport.mqtt.MqttTransportHandler:752 - [d5ce259c-0554-4c5d-8774-3d6aac15e759] Processing connect msg for client with user name: admin!
2022-02-05 09:14:13.456 [nioEventLoopGroup-5-12] INFO  com.ciat.bim.transport.mqtt.MqttTransportHandler:734 - [1df60567-7dd6-48f7-b931-3b0aedad9cf1] Processing connect msg for client: 86652179-d5d5-4be6-a85a-236ad780b7501644021682492!
2022-02-05 09:14:13.456 [nioEventLoopGroup-5-12] INFO  com.ciat.bim.transport.mqtt.MqttTransportHandler:752 - [1df60567-7dd6-48f7-b931-3b0aedad9cf1] Processing connect msg for client with user name: admin!
